2024-10-07 11:13:25,646 [Worker-2: Loading available Gradle versions] INFO  o.e.b.c.i.u.g.PublishedGradleVersions - Gradle version information cache is not available. Remote download required.
2024-10-07 11:14:17,638 [Worker-4: Creating project "springCoreProject"] INFO  o.e.m.c.i.l.LifecycleMappingFactory - Using org.eclipse.m2e.jdt.JarLifecycleMapping lifecycle mapping for MavenProject: com.kumar.apolis:springCoreProject:0.0.1-SNAPSHOT @ /Users/harish/Documents/SpringCore/springCoreProject/pom.xml.
2024-10-07 11:14:17,925 [Worker-4: Creating project "springCoreProject"] INFO  o.e.m.j.i.AbstractJavaProjectConfigurator - Adding source folder /springCoreProject/src/main/java
2024-10-07 11:14:17,926 [Worker-4: Creating project "springCoreProject"] INFO  o.e.m.j.i.AbstractJavaProjectConfigurator - Adding resource folder /springCoreProject/src/main/resources
2024-10-07 11:14:17,926 [Worker-4: Creating project "springCoreProject"] INFO  o.e.m.j.i.AbstractJavaProjectConfigurator - Adding source folder /springCoreProject/src/test/java
2024-10-07 11:14:17,927 [Worker-4: Creating project "springCoreProject"] INFO  o.e.m.j.i.AbstractJavaProjectConfigurator - Adding resource folder /springCoreProject/src/test/resources
2024-10-07 11:14:18,298 [Worker-5: Building] WARN  o.a.m.s.f.DefaultMavenResourcesFiltering - Using platform encoding (UTF-8 actually) to copy filtered resources, i.e. build is platform dependent!
2024-10-07 11:14:18,303 [Worker-5: Building] INFO  o.a.m.s.f.DefaultMavenResourcesFiltering - Copying 0 resource from src/main/resources to target/classes
2024-10-07 11:14:18,305 [Worker-5: Building] WARN  o.a.m.s.f.DefaultMavenResourcesFiltering - Using platform encoding (UTF-8 actually) to copy filtered resources, i.e. build is platform dependent!
2024-10-07 11:14:18,305 [Worker-5: Building] INFO  o.a.m.s.f.DefaultMavenResourcesFiltering - Copying 0 resource from src/test/resources to target/test-classes
2024-10-07 13:19:29,302 [Worker-15: Building] INFO  o.e.m.c.i.e.AbstractTransferListenerAdapter - Downloading https://repo.maven.apache.org/maven2/org/springframework/spring-beans/4.3.3.RELEASE/spring-beans-4.3.3.RELEASE.pom
2024-10-07 13:19:29,308 [Worker-15: Building] INFO  o.e.m.c.i.e.AbstractTransferListenerAdapter - Downloaded https://repo.maven.apache.org/maven2/org/springframework/spring-beans/4.3.3.RELEASE/spring-beans-4.3.3.RELEASE.pom
2024-10-07 13:19:29,348 [Worker-15: Building] INFO  o.e.m.c.i.e.AbstractTransferListenerAdapter - Downloading https://repo.maven.apache.org/maven2/org/springframework/spring-core/4.3.3.RELEASE/spring-core-4.3.3.RELEASE.pom
2024-10-07 13:19:29,349 [Worker-15: Building] INFO  o.e.m.c.i.e.AbstractTransferListenerAdapter - Downloaded https://repo.maven.apache.org/maven2/org/springframework/spring-core/4.3.3.RELEASE/spring-core-4.3.3.RELEASE.pom
2024-10-07 13:19:29,400 [Worker-15: Building] INFO  o.e.m.c.i.e.AbstractTransferListenerAdapter - Downloading https://repo.maven.apache.org/maven2/org/springframework/spring-context/4.3.3.RELEASE/spring-context-4.3.3.RELEASE.pom
2024-10-07 13:19:29,402 [Worker-15: Building] INFO  o.e.m.c.i.e.AbstractTransferListenerAdapter - Downloaded https://repo.maven.apache.org/maven2/org/springframework/spring-context/4.3.3.RELEASE/spring-context-4.3.3.RELEASE.pom
2024-10-07 13:19:29,443 [Worker-15: Building] INFO  o.e.m.c.i.e.AbstractTransferListenerAdapter - Downloading https://repo.maven.apache.org/maven2/org/springframework/spring-aop/4.3.3.RELEASE/spring-aop-4.3.3.RELEASE.pom
2024-10-07 13:19:29,444 [Worker-15: Building] INFO  o.e.m.c.i.e.AbstractTransferListenerAdapter - Downloaded https://repo.maven.apache.org/maven2/org/springframework/spring-aop/4.3.3.RELEASE/spring-aop-4.3.3.RELEASE.pom
2024-10-07 13:19:29,483 [Worker-15: Building] INFO  o.e.m.c.i.e.AbstractTransferListenerAdapter - Downloading https://repo.maven.apache.org/maven2/org/springframework/spring-expression/4.3.3.RELEASE/spring-expression-4.3.3.RELEASE.pom
2024-10-07 13:19:29,484 [Worker-15: Building] INFO  o.e.m.c.i.e.AbstractTransferListenerAdapter - Downloaded https://repo.maven.apache.org/maven2/org/springframework/spring-expression/4.3.3.RELEASE/spring-expression-4.3.3.RELEASE.pom
2024-10-07 13:19:29,521 [Worker-15: Building] INFO  o.e.m.c.i.e.AbstractTransferListenerAdapter - Downloading https://repo.maven.apache.org/maven2/org/springframework/spring-beans/4.3.3.RELEASE/spring-beans-4.3.3.RELEASE.jar
2024-10-07 13:19:29,704 [Worker-15: Building] INFO  o.e.m.c.i.e.AbstractTransferListenerAdapter - Downloaded https://repo.maven.apache.org/maven2/org/springframework/spring-beans/4.3.3.RELEASE/spring-beans-4.3.3.RELEASE.jar
2024-10-07 13:19:29,750 [BasicRepositoryConnector-repo.maven.apache.org-0-0] INFO  o.e.m.c.i.e.AbstractTransferListenerAdapter - Downloading https://repo.maven.apache.org/maven2/org/springframework/spring-context/4.3.3.RELEASE/spring-context-4.3.3.RELEASE.jar
2024-10-07 13:19:29,936 [BasicRepositoryConnector-repo.maven.apache.org-0-3] INFO  o.e.m.c.i.e.AbstractTransferListenerAdapter - Downloading https://repo.maven.apache.org/maven2/org/springframework/spring-core/4.3.3.RELEASE/spring-core-4.3.3.RELEASE.jar
2024-10-07 13:19:29,936 [BasicRepositoryConnector-repo.maven.apache.org-0-1] INFO  o.e.m.c.i.e.AbstractTransferListenerAdapter - Downloading https://repo.maven.apache.org/maven2/org/springframework/spring-aop/4.3.3.RELEASE/spring-aop-4.3.3.RELEASE.jar
2024-10-07 13:19:29,936 [BasicRepositoryConnector-repo.maven.apache.org-0-2] INFO  o.e.m.c.i.e.AbstractTransferListenerAdapter - Downloading https://repo.maven.apache.org/maven2/org/springframework/spring-expression/4.3.3.RELEASE/spring-expression-4.3.3.RELEASE.jar
2024-10-07 13:19:29,939 [BasicRepositoryConnector-repo.maven.apache.org-0-0] INFO  o.e.m.c.i.e.AbstractTransferListenerAdapter - Downloaded https://repo.maven.apache.org/maven2/org/springframework/spring-context/4.3.3.RELEASE/spring-context-4.3.3.RELEASE.jar
2024-10-07 13:19:30,104 [BasicRepositoryConnector-repo.maven.apache.org-0-2] INFO  o.e.m.c.i.e.AbstractTransferListenerAdapter - Downloaded https://repo.maven.apache.org/maven2/org/springframework/spring-expression/4.3.3.RELEASE/spring-expression-4.3.3.RELEASE.jar
2024-10-07 13:19:30,142 [BasicRepositoryConnector-repo.maven.apache.org-0-1] INFO  o.e.m.c.i.e.AbstractTransferListenerAdapter - Downloaded https://repo.maven.apache.org/maven2/org/springframework/spring-aop/4.3.3.RELEASE/spring-aop-4.3.3.RELEASE.jar
2024-10-07 13:19:30,238 [BasicRepositoryConnector-repo.maven.apache.org-0-3] INFO  o.e.m.c.i.e.AbstractTransferListenerAdapter - Downloaded https://repo.maven.apache.org/maven2/org/springframework/spring-core/4.3.3.RELEASE/spring-core-4.3.3.RELEASE.jar
2024-10-07 13:19:30,401 [Worker-15: Building] INFO  o.e.m.c.i.l.LifecycleMappingFactory - Using org.eclipse.m2e.jdt.JarLifecycleMapping lifecycle mapping for MavenProject: com.aplis:1.1PremptiveInjectionUsingSetter:0.0.1-SNAPSHOT @ /Users/harish/Documents/SpringCore/springCoreProject/pom.xml.
2024-10-07 13:19:30,503 [Worker-15: Building] WARN  o.a.m.s.f.DefaultMavenResourcesFiltering - Using platform encoding (UTF-8 actually) to copy filtered resources, i.e. build is platform dependent!
2024-10-07 13:19:30,504 [Worker-15: Building] INFO  o.a.m.s.f.DefaultMavenResourcesFiltering - Copying 0 resource from src/main/resources to target/classes
2024-10-07 13:19:30,506 [Worker-15: Building] WARN  o.a.m.s.f.DefaultMavenResourcesFiltering - Using platform encoding (UTF-8 actually) to copy filtered resources, i.e. build is platform dependent!
2024-10-07 13:19:30,506 [Worker-15: Building] INFO  o.a.m.s.f.DefaultMavenResourcesFiltering - Copying 0 resource from src/test/resources to target/test-classes
2024-10-07 13:19:31,598 [Worker-18: Download sources and javadoc] INFO  o.e.m.c.i.e.AbstractTransferListenerAdapter - Downloading https://repo.maven.apache.org/maven2/org/springframework/spring-beans/4.3.3.RELEASE/spring-beans-4.3.3.RELEASE-sources.jar
2024-10-07 13:19:31,676 [Worker-22: Building] WARN  o.a.m.s.f.DefaultMavenResourcesFiltering - Using platform encoding (UTF-8 actually) to copy filtered resources, i.e. build is platform dependent!
2024-10-07 13:19:31,676 [Worker-22: Building] INFO  o.a.m.s.f.DefaultMavenResourcesFiltering - Copying 0 resource from src/main/resources to target/classes
2024-10-07 13:19:31,677 [Worker-22: Building] WARN  o.a.m.s.f.DefaultMavenResourcesFiltering - Using platform encoding (UTF-8 actually) to copy filtered resources, i.e. build is platform dependent!
2024-10-07 13:19:31,678 [Worker-22: Building] INFO  o.a.m.s.f.DefaultMavenResourcesFiltering - Copying 0 resource from src/test/resources to target/test-classes
2024-10-07 13:19:31,806 [Worker-18: Download sources and javadoc] INFO  o.e.m.c.i.e.AbstractTransferListenerAdapter - Downloaded https://repo.maven.apache.org/maven2/org/springframework/spring-beans/4.3.3.RELEASE/spring-beans-4.3.3.RELEASE-sources.jar
2024-10-07 13:19:31,808 [Worker-18: Download sources and javadoc] INFO  o.e.m.j.internal.DownloadSourcesJob - Downloaded sources for org.springframework:spring-beans:4.3.3.RELEASE
2024-10-07 13:19:31,965 [Worker-18: Download sources and javadoc] INFO  o.e.m.c.i.e.AbstractTransferListenerAdapter - Downloading https://repo.maven.apache.org/maven2/org/springframework/spring-context/4.3.3.RELEASE/spring-context-4.3.3.RELEASE-sources.jar
2024-10-07 13:19:32,273 [Worker-18: Download sources and javadoc] INFO  o.e.m.c.i.e.AbstractTransferListenerAdapter - Downloaded https://repo.maven.apache.org/maven2/org/springframework/spring-context/4.3.3.RELEASE/spring-context-4.3.3.RELEASE-sources.jar
2024-10-07 13:19:32,276 [Worker-18: Download sources and javadoc] INFO  o.e.m.j.internal.DownloadSourcesJob - Downloaded sources for org.springframework:spring-context:4.3.3.RELEASE
2024-10-07 13:19:32,418 [Worker-18: Download sources and javadoc] INFO  o.e.m.c.i.e.AbstractTransferListenerAdapter - Downloading https://repo.maven.apache.org/maven2/org/springframework/spring-aop/4.3.3.RELEASE/spring-aop-4.3.3.RELEASE-sources.jar
2024-10-07 13:19:32,554 [Worker-18: Download sources and javadoc] INFO  o.e.m.c.i.e.AbstractTransferListenerAdapter - Downloaded https://repo.maven.apache.org/maven2/org/springframework/spring-aop/4.3.3.RELEASE/spring-aop-4.3.3.RELEASE-sources.jar
2024-10-07 13:19:32,557 [Worker-18: Download sources and javadoc] INFO  o.e.m.j.internal.DownloadSourcesJob - Downloaded sources for org.springframework:spring-aop:4.3.3.RELEASE
2024-10-07 13:19:32,698 [Worker-18: Download sources and javadoc] INFO  o.e.m.c.i.e.AbstractTransferListenerAdapter - Downloading https://repo.maven.apache.org/maven2/org/springframework/spring-expression/4.3.3.RELEASE/spring-expression-4.3.3.RELEASE-sources.jar
2024-10-07 13:19:32,789 [Worker-18: Download sources and javadoc] INFO  o.e.m.c.i.e.AbstractTransferListenerAdapter - Downloaded https://repo.maven.apache.org/maven2/org/springframework/spring-expression/4.3.3.RELEASE/spring-expression-4.3.3.RELEASE-sources.jar
2024-10-07 13:19:32,792 [Worker-18: Download sources and javadoc] INFO  o.e.m.j.internal.DownloadSourcesJob - Downloaded sources for org.springframework:spring-expression:4.3.3.RELEASE
2024-10-07 13:19:32,988 [Worker-18: Download sources and javadoc] INFO  o.e.m.c.i.e.AbstractTransferListenerAdapter - Downloading https://repo.maven.apache.org/maven2/org/springframework/spring-core/4.3.3.RELEASE/spring-core-4.3.3.RELEASE-sources.jar
2024-10-07 13:19:33,182 [Worker-18: Download sources and javadoc] INFO  o.e.m.c.i.e.AbstractTransferListenerAdapter - Downloaded https://repo.maven.apache.org/maven2/org/springframework/spring-core/4.3.3.RELEASE/spring-core-4.3.3.RELEASE-sources.jar
2024-10-07 13:19:33,184 [Worker-18: Download sources and javadoc] INFO  o.e.m.j.internal.DownloadSourcesJob - Downloaded sources for org.springframework:spring-core:4.3.3.RELEASE
2024-10-07 13:19:33,318 [Worker-18: Download sources and javadoc] INFO  o.e.m.c.i.e.AbstractTransferListenerAdapter - Downloading https://repo.maven.apache.org/maven2/commons-logging/commons-logging/1.2/commons-logging-1.2-sources.jar
2024-10-07 13:19:33,363 [Worker-18: Download sources and javadoc] INFO  o.e.m.c.i.e.AbstractTransferListenerAdapter - Downloaded https://repo.maven.apache.org/maven2/commons-logging/commons-logging/1.2/commons-logging-1.2-sources.jar
2024-10-07 13:19:33,365 [Worker-18: Download sources and javadoc] INFO  o.e.m.j.internal.DownloadSourcesJob - Downloaded sources for commons-logging:commons-logging:1.2
2024-10-07 14:07:42,518 [Worker-20: Creating project "SpringCoreProject2"] INFO  o.e.m.c.i.l.LifecycleMappingFactory - Using org.eclipse.m2e.jdt.JarLifecycleMapping lifecycle mapping for MavenProject: com.kumar.apolis:SpringCoreProject2:0.0.1-SNAPSHOT @ /Users/harish/Documents/SpringCore/SpringCoreProject2/pom.xml.
2024-10-07 14:07:42,663 [Worker-20: Creating project "SpringCoreProject2"] INFO  o.e.m.j.i.AbstractJavaProjectConfigurator - Adding source folder /SpringCoreProject2/src/main/java
2024-10-07 14:07:42,663 [Worker-20: Creating project "SpringCoreProject2"] INFO  o.e.m.j.i.AbstractJavaProjectConfigurator - Adding resource folder /SpringCoreProject2/src/main/resources
2024-10-07 14:07:42,663 [Worker-20: Creating project "SpringCoreProject2"] INFO  o.e.m.j.i.AbstractJavaProjectConfigurator - Adding source folder /SpringCoreProject2/src/test/java
2024-10-07 14:07:42,664 [Worker-20: Creating project "SpringCoreProject2"] INFO  o.e.m.j.i.AbstractJavaProjectConfigurator - Adding resource folder /SpringCoreProject2/src/test/resources
2024-10-07 14:07:42,840 [Worker-24: Building] WARN  o.a.m.s.f.DefaultMavenResourcesFiltering - Using platform encoding (UTF-8 actually) to copy filtered resources, i.e. build is platform dependent!
2024-10-07 14:07:42,840 [Worker-24: Building] INFO  o.a.m.s.f.DefaultMavenResourcesFiltering - Copying 0 resource from src/main/resources to target/classes
2024-10-07 14:07:42,841 [Worker-24: Building] WARN  o.a.m.s.f.DefaultMavenResourcesFiltering - Using platform encoding (UTF-8 actually) to copy filtered resources, i.e. build is platform dependent!
2024-10-07 14:07:42,841 [Worker-24: Building] INFO  o.a.m.s.f.DefaultMavenResourcesFiltering - Copying 0 resource from src/test/resources to target/test-classes
2024-10-07 16:08:27,111 [Worker-43: Building] WARN  o.a.m.s.f.DefaultMavenResourcesFiltering - Using platform encoding (UTF-8 actually) to copy filtered resources, i.e. build is platform dependent!
2024-10-07 16:08:27,112 [Worker-43: Building] INFO  o.a.m.s.f.DefaultMavenResourcesFiltering - Copying 0 resource from src/main/resources to target/classes
2024-10-07 16:08:27,113 [Worker-43: Building] WARN  o.a.m.s.f.DefaultMavenResourcesFiltering - Using platform encoding (UTF-8 actually) to copy filtered resources, i.e. build is platform dependent!
2024-10-07 16:08:27,114 [Worker-43: Building] INFO  o.a.m.s.f.DefaultMavenResourcesFiltering - Copying 0 resource from src/test/resources to target/test-classes
2024-10-07 16:09:58,711 [Worker-42: Building] WARN  o.a.m.s.f.DefaultMavenResourcesFiltering - Using platform encoding (UTF-8 actually) to copy filtered resources, i.e. build is platform dependent!
2024-10-07 16:09:58,714 [Worker-42: Building] INFO  o.a.m.s.f.DefaultMavenResourcesFiltering - Copying 0 resource from src/main/resources to target/classes
2024-10-07 16:09:58,715 [Worker-42: Building] WARN  o.a.m.s.f.DefaultMavenResourcesFiltering - Using platform encoding (UTF-8 actually) to copy filtered resources, i.e. build is platform dependent!
2024-10-07 16:09:58,715 [Worker-42: Building] INFO  o.a.m.s.f.DefaultMavenResourcesFiltering - Copying 0 resource from src/test/resources to target/test-classes
2024-10-07 16:11:30,021 [Worker-44: Building] WARN  o.a.m.s.f.DefaultMavenResourcesFiltering - Using platform encoding (UTF-8 actually) to copy filtered resources, i.e. build is platform dependent!
2024-10-07 16:11:30,023 [Worker-44: Building] INFO  o.a.m.s.f.DefaultMavenResourcesFiltering - Copying 0 resource from src/main/resources to target/classes
2024-10-07 16:11:30,024 [Worker-44: Building] WARN  o.a.m.s.f.DefaultMavenResourcesFiltering - Using platform encoding (UTF-8 actually) to copy filtered resources, i.e. build is platform dependent!
2024-10-07 16:11:30,025 [Worker-44: Building] INFO  o.a.m.s.f.DefaultMavenResourcesFiltering - Copying 0 resource from src/test/resources to target/test-classes
2024-10-07 16:37:21,764 [Worker-60: Building] WARN  o.a.m.s.f.DefaultMavenResourcesFiltering - Using platform encoding (UTF-8 actually) to copy filtered resources, i.e. build is platform dependent!
2024-10-07 16:37:21,768 [Worker-60: Building] INFO  o.a.m.s.f.DefaultMavenResourcesFiltering - Copying 0 resource from src/main/resources to target/classes
2024-10-07 16:37:21,769 [Worker-60: Building] WARN  o.a.m.s.f.DefaultMavenResourcesFiltering - Using platform encoding (UTF-8 actually) to copy filtered resources, i.e. build is platform dependent!
2024-10-07 16:37:21,769 [Worker-60: Building] INFO  o.a.m.s.f.DefaultMavenResourcesFiltering - Copying 0 resource from src/test/resources to target/test-classes
2024-10-07 16:38:25,968 [Worker-64: Building] WARN  o.a.m.s.f.DefaultMavenResourcesFiltering - Using platform encoding (UTF-8 actually) to copy filtered resources, i.e. build is platform dependent!
2024-10-07 16:38:25,970 [Worker-64: Building] INFO  o.a.m.s.f.DefaultMavenResourcesFiltering - Copying 0 resource from src/main/resources to target/classes
2024-10-07 16:38:25,970 [Worker-64: Building] WARN  o.a.m.s.f.DefaultMavenResourcesFiltering - Using platform encoding (UTF-8 actually) to copy filtered resources, i.e. build is platform dependent!
2024-10-07 16:38:25,971 [Worker-64: Building] INFO  o.a.m.s.f.DefaultMavenResourcesFiltering - Copying 0 resource from src/test/resources to target/test-classes
2024-10-07 16:42:36,257 [Worker-66: Building] WARN  o.a.m.s.f.DefaultMavenResourcesFiltering - Using platform encoding (UTF-8 actually) to copy filtered resources, i.e. build is platform dependent!
2024-10-07 16:42:36,258 [Worker-66: Building] INFO  o.a.m.s.f.DefaultMavenResourcesFiltering - Copying 0 resource from src/main/resources to target/classes
2024-10-07 16:42:36,259 [Worker-66: Building] WARN  o.a.m.s.f.DefaultMavenResourcesFiltering - Using platform encoding (UTF-8 actually) to copy filtered resources, i.e. build is platform dependent!
2024-10-07 16:42:36,259 [Worker-66: Building] INFO  o.a.m.s.f.DefaultMavenResourcesFiltering - Copying 0 resource from src/test/resources to target/test-classes
2024-10-07 16:42:48,016 [Worker-65: Building] WARN  o.a.m.s.f.DefaultMavenResourcesFiltering - Using platform encoding (UTF-8 actually) to copy filtered resources, i.e. build is platform dependent!
2024-10-07 16:42:48,017 [Worker-65: Building] INFO  o.a.m.s.f.DefaultMavenResourcesFiltering - Copying 0 resource from src/main/resources to target/classes
2024-10-07 16:42:48,018 [Worker-65: Building] WARN  o.a.m.s.f.DefaultMavenResourcesFiltering - Using platform encoding (UTF-8 actually) to copy filtered resources, i.e. build is platform dependent!
2024-10-07 16:42:48,018 [Worker-65: Building] INFO  o.a.m.s.f.DefaultMavenResourcesFiltering - Copying 0 resource from src/test/resources to target/test-classes
2024-10-07 16:42:59,205 [Worker-64: Building] WARN  o.a.m.s.f.DefaultMavenResourcesFiltering - Using platform encoding (UTF-8 actually) to copy filtered resources, i.e. build is platform dependent!
2024-10-07 16:42:59,207 [Worker-64: Building] INFO  o.a.m.s.f.DefaultMavenResourcesFiltering - Copying 0 resource from src/main/resources to target/classes
2024-10-07 16:42:59,208 [Worker-64: Building] WARN  o.a.m.s.f.DefaultMavenResourcesFiltering - Using platform encoding (UTF-8 actually) to copy filtered resources, i.e. build is platform dependent!
2024-10-07 16:42:59,209 [Worker-64: Building] INFO  o.a.m.s.f.DefaultMavenResourcesFiltering - Copying 0 resource from src/test/resources to target/test-classes
2024-10-07 16:43:35,949 [Worker-64: Building] WARN  o.a.m.s.f.DefaultMavenResourcesFiltering - Using platform encoding (UTF-8 actually) to copy filtered resources, i.e. build is platform dependent!
2024-10-07 16:43:35,950 [Worker-64: Building] INFO  o.a.m.s.f.DefaultMavenResourcesFiltering - Copying 0 resource from src/main/resources to target/classes
2024-10-07 16:43:35,951 [Worker-64: Building] WARN  o.a.m.s.f.DefaultMavenResourcesFiltering - Using platform encoding (UTF-8 actually) to copy filtered resources, i.e. build is platform dependent!
2024-10-07 16:43:35,951 [Worker-64: Building] INFO  o.a.m.s.f.DefaultMavenResourcesFiltering - Copying 0 resource from src/test/resources to target/test-classes
2024-10-07 16:44:52,034 [Worker-65: Building] WARN  o.a.m.s.f.DefaultMavenResourcesFiltering - Using platform encoding (UTF-8 actually) to copy filtered resources, i.e. build is platform dependent!
2024-10-07 16:44:52,035 [Worker-65: Building] INFO  o.a.m.s.f.DefaultMavenResourcesFiltering - Copying 0 resource from src/main/resources to target/classes
2024-10-07 16:44:52,036 [Worker-65: Building] WARN  o.a.m.s.f.DefaultMavenResourcesFiltering - Using platform encoding (UTF-8 actually) to copy filtered resources, i.e. build is platform dependent!
2024-10-07 16:44:52,036 [Worker-65: Building] INFO  o.a.m.s.f.DefaultMavenResourcesFiltering - Copying 0 resource from src/test/resources to target/test-classes
2024-10-07 16:47:18,397 [Worker-66: Launching Main] WARN  o.a.m.s.f.DefaultMavenResourcesFiltering - Using platform encoding (UTF-8 actually) to copy filtered resources, i.e. build is platform dependent!
2024-10-07 16:47:18,399 [Worker-66: Launching Main] INFO  o.a.m.s.f.DefaultMavenResourcesFiltering - Copying 0 resource from src/main/resources to target/classes
2024-10-07 16:47:18,400 [Worker-66: Launching Main] WARN  o.a.m.s.f.DefaultMavenResourcesFiltering - Using platform encoding (UTF-8 actually) to copy filtered resources, i.e. build is platform dependent!
2024-10-07 16:47:18,400 [Worker-66: Launching Main] INFO  o.a.m.s.f.DefaultMavenResourcesFiltering - Copying 0 resource from src/test/resources to target/test-classes
2024-10-07 16:48:16,322 [Worker-66: Building] WARN  o.a.m.s.f.DefaultMavenResourcesFiltering - Using platform encoding (UTF-8 actually) to copy filtered resources, i.e. build is platform dependent!
2024-10-07 16:48:16,325 [Worker-66: Building] INFO  o.a.m.s.f.DefaultMavenResourcesFiltering - Copying 0 resource from src/main/resources to target/classes
2024-10-07 16:48:16,326 [Worker-66: Building] WARN  o.a.m.s.f.DefaultMavenResourcesFiltering - Using platform encoding (UTF-8 actually) to copy filtered resources, i.e. build is platform dependent!
2024-10-07 16:48:16,326 [Worker-66: Building] INFO  o.a.m.s.f.DefaultMavenResourcesFiltering - Copying 0 resource from src/test/resources to target/test-classes
2024-10-07 16:48:24,249 [Worker-67: Building] WARN  o.a.m.s.f.DefaultMavenResourcesFiltering - Using platform encoding (UTF-8 actually) to copy filtered resources, i.e. build is platform dependent!
2024-10-07 16:48:24,249 [Worker-67: Building] INFO  o.a.m.s.f.DefaultMavenResourcesFiltering - Copying 0 resource from src/main/resources to target/classes
2024-10-07 16:48:24,250 [Worker-67: Building] WARN  o.a.m.s.f.DefaultMavenResourcesFiltering - Using platform encoding (UTF-8 actually) to copy filtered resources, i.e. build is platform dependent!
2024-10-07 16:48:24,250 [Worker-67: Building] INFO  o.a.m.s.f.DefaultMavenResourcesFiltering - Copying 0 resource from src/test/resources to target/test-classes
2024-10-07 16:48:52,774 [Worker-68: Launching Main] WARN  o.a.m.s.f.DefaultMavenResourcesFiltering - Using platform encoding (UTF-8 actually) to copy filtered resources, i.e. build is platform dependent!
2024-10-07 16:48:52,775 [Worker-68: Launching Main] INFO  o.a.m.s.f.DefaultMavenResourcesFiltering - Copying 0 resource from src/main/resources to target/classes
2024-10-07 16:48:52,775 [Worker-68: Launching Main] WARN  o.a.m.s.f.DefaultMavenResourcesFiltering - Using platform encoding (UTF-8 actually) to copy filtered resources, i.e. build is platform dependent!
2024-10-07 16:48:52,776 [Worker-68: Launching Main] INFO  o.a.m.s.f.DefaultMavenResourcesFiltering - Copying 0 resource from src/test/resources to target/test-classes
2024-10-07 16:52:55,026 [main] INFO  o.e.m2e.actions.ExecutePomAction - Creating new launch configuration
2024-10-07 16:52:58,841 [Worker-72: Launching springCoreProject] INFO  o.eclipse.m2e.core.internal.Bundles - getClasspathEntries(Bundle=org.eclipse.m2e.maven.runtime_3.9.900.20240824-1409 [358])
2024-10-07 16:52:58,849 [Worker-72: Launching springCoreProject] INFO  o.eclipse.m2e.core.internal.Bundles - 	Entry: /Volumes/Spring Tool Suite 4/SpringToolSuite4.app/Contents/Eclipse/plugins/org.eclipse.m2e.maven.runtime_3.9.900.20240824-1409
2024-10-07 16:52:58,849 [Worker-72: Launching springCoreProject] INFO  o.eclipse.m2e.core.internal.Bundles - 	Entry: /Volumes/Spring Tool Suite 4/SpringToolSuite4.app/Contents/Eclipse/plugins/org.eclipse.m2e.maven.runtime_3.9.900.20240824-1409/jars/aopalliance-1.0.jar
2024-10-07 16:52:58,849 [Worker-72: Launching springCoreProject] INFO  o.eclipse.m2e.core.internal.Bundles - 	Entry: /Volumes/Spring Tool Suite 4/SpringToolSuite4.app/Contents/Eclipse/plugins/org.eclipse.m2e.maven.runtime_3.9.900.20240824-1409/jars/guice-5.1.0.jar
2024-10-07 16:52:58,849 [Worker-72: Launching springCoreProject] INFO  o.eclipse.m2e.core.internal.Bundles - 	Entry: /Volumes/Spring Tool Suite 4/SpringToolSuite4.app/Contents/Eclipse/plugins/org.eclipse.m2e.maven.runtime_3.9.900.20240824-1409/jars/httpclient-4.5.14.jar
2024-10-07 16:52:58,849 [Worker-72: Launching springCoreProject] INFO  o.eclipse.m2e.core.internal.Bundles - 	Entry: /Volumes/Spring Tool Suite 4/SpringToolSuite4.app/Contents/Eclipse/plugins/org.eclipse.m2e.maven.runtime_3.9.900.20240824-1409/jars/httpcore-4.4.16.jar
2024-10-07 16:52:58,849 [Worker-72: Launching springCoreProject] INFO  o.eclipse.m2e.core.internal.Bundles - 	Entry: /Volumes/Spring Tool Suite 4/SpringToolSuite4.app/Contents/Eclipse/plugins/org.eclipse.m2e.maven.runtime_3.9.900.20240824-1409/jars/jansi-2.4.1.jar
2024-10-07 16:52:58,849 [Worker-72: Launching springCoreProject] INFO  o.eclipse.m2e.core.internal.Bundles - 	Entry: /Volumes/Spring Tool Suite 4/SpringToolSuite4.app/Contents/Eclipse/plugins/org.eclipse.m2e.maven.runtime_3.9.900.20240824-1409/jars/jcl-over-slf4j-1.7.36.jar
2024-10-07 16:52:58,849 [Worker-72: Launching springCoreProject] INFO  o.eclipse.m2e.core.internal.Bundles - 	Entry: /Volumes/Spring Tool Suite 4/SpringToolSuite4.app/Contents/Eclipse/plugins/org.eclipse.m2e.maven.runtime_3.9.900.20240824-1409/jars/maven-artifact-3.9.9.jar
2024-10-07 16:52:58,849 [Worker-72: Launching springCoreProject] INFO  o.eclipse.m2e.core.internal.Bundles - 	Entry: /Volumes/Spring Tool Suite 4/SpringToolSuite4.app/Contents/Eclipse/plugins/org.eclipse.m2e.maven.runtime_3.9.900.20240824-1409/jars/maven-builder-support-3.9.9.jar
2024-10-07 16:52:58,849 [Worker-72: Launching springCoreProject] INFO  o.eclipse.m2e.core.internal.Bundles - 	Entry: /Volumes/Spring Tool Suite 4/SpringToolSuite4.app/Contents/Eclipse/plugins/org.eclipse.m2e.maven.runtime_3.9.900.20240824-1409/jars/maven-compat-3.9.9.jar
2024-10-07 16:52:58,849 [Worker-72: Launching springCoreProject] INFO  o.eclipse.m2e.core.internal.Bundles - 	Entry: /Volumes/Spring Tool Suite 4/SpringToolSuite4.app/Contents/Eclipse/plugins/org.eclipse.m2e.maven.runtime_3.9.900.20240824-1409/jars/maven-core-3.9.9.jar
2024-10-07 16:52:58,849 [Worker-72: Launching springCoreProject] INFO  o.eclipse.m2e.core.internal.Bundles - 	Entry: /Volumes/Spring Tool Suite 4/SpringToolSuite4.app/Contents/Eclipse/plugins/org.eclipse.m2e.maven.runtime_3.9.900.20240824-1409/jars/maven-embedder-3.9.9.jar
2024-10-07 16:52:58,849 [Worker-72: Launching springCoreProject] INFO  o.eclipse.m2e.core.internal.Bundles - 	Entry: /Volumes/Spring Tool Suite 4/SpringToolSuite4.app/Contents/Eclipse/plugins/org.eclipse.m2e.maven.runtime_3.9.900.20240824-1409/jars/maven-model-3.9.9.jar
2024-10-07 16:52:58,849 [Worker-72: Launching springCoreProject] INFO  o.eclipse.m2e.core.internal.Bundles - 	Entry: /Volumes/Spring Tool Suite 4/SpringToolSuite4.app/Contents/Eclipse/plugins/org.eclipse.m2e.maven.runtime_3.9.900.20240824-1409/jars/maven-model-builder-3.9.9.jar
2024-10-07 16:52:58,849 [Worker-72: Launching springCoreProject] INFO  o.eclipse.m2e.core.internal.Bundles - 	Entry: /Volumes/Spring Tool Suite 4/SpringToolSuite4.app/Contents/Eclipse/plugins/org.eclipse.m2e.maven.runtime_3.9.900.20240824-1409/jars/maven-plugin-api-3.9.9.jar
2024-10-07 16:52:58,849 [Worker-72: Launching springCoreProject] INFO  o.eclipse.m2e.core.internal.Bundles - 	Entry: /Volumes/Spring Tool Suite 4/SpringToolSuite4.app/Contents/Eclipse/plugins/org.eclipse.m2e.maven.runtime_3.9.900.20240824-1409/jars/maven-repository-metadata-3.9.9.jar
2024-10-07 16:52:58,849 [Worker-72: Launching springCoreProject] INFO  o.eclipse.m2e.core.internal.Bundles - 	Entry: /Volumes/Spring Tool Suite 4/SpringToolSuite4.app/Contents/Eclipse/plugins/org.eclipse.m2e.maven.runtime_3.9.900.20240824-1409/jars/maven-resolver-api-1.9.22.jar
2024-10-07 16:52:58,849 [Worker-72: Launching springCoreProject] INFO  o.eclipse.m2e.core.internal.Bundles - 	Entry: /Volumes/Spring Tool Suite 4/SpringToolSuite4.app/Contents/Eclipse/plugins/org.eclipse.m2e.maven.runtime_3.9.900.20240824-1409/jars/maven-resolver-connector-basic-1.9.22.jar
2024-10-07 16:52:58,849 [Worker-72: Launching springCoreProject] INFO  o.eclipse.m2e.core.internal.Bundles - 	Entry: /Volumes/Spring Tool Suite 4/SpringToolSuite4.app/Contents/Eclipse/plugins/org.eclipse.m2e.maven.runtime_3.9.900.20240824-1409/jars/maven-resolver-impl-1.9.22.jar
2024-10-07 16:52:58,849 [Worker-72: Launching springCoreProject] INFO  o.eclipse.m2e.core.internal.Bundles - 	Entry: /Volumes/Spring Tool Suite 4/SpringToolSuite4.app/Contents/Eclipse/plugins/org.eclipse.m2e.maven.runtime_3.9.900.20240824-1409/jars/maven-resolver-named-locks-1.9.22.jar
2024-10-07 16:52:58,849 [Worker-72: Launching springCoreProject] INFO  o.eclipse.m2e.core.internal.Bundles - 	Entry: /Volumes/Spring Tool Suite 4/SpringToolSuite4.app/Contents/Eclipse/plugins/org.eclipse.m2e.maven.runtime_3.9.900.20240824-1409/jars/maven-resolver-provider-3.9.9.jar
2024-10-07 16:52:58,849 [Worker-72: Launching springCoreProject] INFO  o.eclipse.m2e.core.internal.Bundles - 	Entry: /Volumes/Spring Tool Suite 4/SpringToolSuite4.app/Contents/Eclipse/plugins/org.eclipse.m2e.maven.runtime_3.9.900.20240824-1409/jars/maven-resolver-spi-1.9.22.jar
2024-10-07 16:52:58,849 [Worker-72: Launching springCoreProject] INFO  o.eclipse.m2e.core.internal.Bundles - 	Entry: /Volumes/Spring Tool Suite 4/SpringToolSuite4.app/Contents/Eclipse/plugins/org.eclipse.m2e.maven.runtime_3.9.900.20240824-1409/jars/maven-resolver-transport-file-1.9.22.jar
2024-10-07 16:52:58,849 [Worker-72: Launching springCoreProject] INFO  o.eclipse.m2e.core.internal.Bundles - 	Entry: /Volumes/Spring Tool Suite 4/SpringToolSuite4.app/Contents/Eclipse/plugins/org.eclipse.m2e.maven.runtime_3.9.900.20240824-1409/jars/maven-resolver-transport-http-1.9.22.jar
2024-10-07 16:52:58,849 [Worker-72: Launching springCoreProject] INFO  o.eclipse.m2e.core.internal.Bundles - 	Entry: /Volumes/Spring Tool Suite 4/SpringToolSuite4.app/Contents/Eclipse/plugins/org.eclipse.m2e.maven.runtime_3.9.900.20240824-1409/jars/maven-resolver-transport-wagon-1.9.22.jar
2024-10-07 16:52:58,849 [Worker-72: Launching springCoreProject] INFO  o.eclipse.m2e.core.internal.Bundles - 	Entry: /Volumes/Spring Tool Suite 4/SpringToolSuite4.app/Contents/Eclipse/plugins/org.eclipse.m2e.maven.runtime_3.9.900.20240824-1409/jars/maven-resolver-util-1.9.22.jar
2024-10-07 16:52:58,849 [Worker-72: Launching springCoreProject] INFO  o.eclipse.m2e.core.internal.Bundles - 	Entry: /Volumes/Spring Tool Suite 4/SpringToolSuite4.app/Contents/Eclipse/plugins/org.eclipse.m2e.maven.runtime_3.9.900.20240824-1409/jars/maven-settings-3.9.9.jar
2024-10-07 16:52:58,849 [Worker-72: Launching springCoreProject] INFO  o.eclipse.m2e.core.internal.Bundles - 	Entry: /Volumes/Spring Tool Suite 4/SpringToolSuite4.app/Contents/Eclipse/plugins/org.eclipse.m2e.maven.runtime_3.9.900.20240824-1409/jars/maven-settings-builder-3.9.9.jar
2024-10-07 16:52:58,849 [Worker-72: Launching springCoreProject] INFO  o.eclipse.m2e.core.internal.Bundles - 	Entry: /Volumes/Spring Tool Suite 4/SpringToolSuite4.app/Contents/Eclipse/plugins/org.eclipse.m2e.maven.runtime_3.9.900.20240824-1409/jars/maven-shared-utils-3.4.2.jar
2024-10-07 16:52:58,850 [Worker-72: Launching springCoreProject] INFO  o.eclipse.m2e.core.internal.Bundles - 	Entry: /Volumes/Spring Tool Suite 4/SpringToolSuite4.app/Contents/Eclipse/plugins/org.eclipse.m2e.maven.runtime_3.9.900.20240824-1409/jars/org.eclipse.sisu.inject-0.9.0.M3.jar
2024-10-07 16:52:58,850 [Worker-72: Launching springCoreProject] INFO  o.eclipse.m2e.core.internal.Bundles - 	Entry: /Volumes/Spring Tool Suite 4/SpringToolSuite4.app/Contents/Eclipse/plugins/org.eclipse.m2e.maven.runtime_3.9.900.20240824-1409/jars/org.eclipse.sisu.plexus-0.9.0.M3.jar
2024-10-07 16:52:58,850 [Worker-72: Launching springCoreProject] INFO  o.eclipse.m2e.core.internal.Bundles - 	Entry: /Volumes/Spring Tool Suite 4/SpringToolSuite4.app/Contents/Eclipse/plugins/org.eclipse.m2e.maven.runtime_3.9.900.20240824-1409/jars/plexus-build-api-0.0.7.jar
2024-10-07 16:52:58,850 [Worker-72: Launching springCoreProject] INFO  o.eclipse.m2e.core.internal.Bundles - 	Entry: /Volumes/Spring Tool Suite 4/SpringToolSuite4.app/Contents/Eclipse/plugins/org.eclipse.m2e.maven.runtime_3.9.900.20240824-1409/jars/plexus-build-api-1.2.0.jar
2024-10-07 16:52:58,850 [Worker-72: Launching springCoreProject] INFO  o.eclipse.m2e.core.internal.Bundles - 	Entry: /Volumes/Spring Tool Suite 4/SpringToolSuite4.app/Contents/Eclipse/plugins/org.eclipse.m2e.maven.runtime_3.9.900.20240824-1409/jars/plexus-cipher-2.0.jar
2024-10-07 16:52:58,850 [Worker-72: Launching springCoreProject] INFO  o.eclipse.m2e.core.internal.Bundles - 	Entry: /Volumes/Spring Tool Suite 4/SpringToolSuite4.app/Contents/Eclipse/plugins/org.eclipse.m2e.maven.runtime_3.9.900.20240824-1409/jars/plexus-classworlds-2.8.0.jar
2024-10-07 16:52:58,850 [Worker-72: Launching springCoreProject] INFO  o.eclipse.m2e.core.internal.Bundles - 	Entry: /Volumes/Spring Tool Suite 4/SpringToolSuite4.app/Contents/Eclipse/plugins/org.eclipse.m2e.maven.runtime_3.9.900.20240824-1409/jars/plexus-component-annotations-2.1.0.jar
2024-10-07 16:52:58,850 [Worker-72: Launching springCoreProject] INFO  o.eclipse.m2e.core.internal.Bundles - 	Entry: /Volumes/Spring Tool Suite 4/SpringToolSuite4.app/Contents/Eclipse/plugins/org.eclipse.m2e.maven.runtime_3.9.900.20240824-1409/jars/plexus-interpolation-1.27.jar
2024-10-07 16:52:58,850 [Worker-72: Launching springCoreProject] INFO  o.eclipse.m2e.core.internal.Bundles - 	Entry: /Volumes/Spring Tool Suite 4/SpringToolSuite4.app/Contents/Eclipse/plugins/org.eclipse.m2e.maven.runtime_3.9.900.20240824-1409/jars/plexus-sec-dispatcher-2.0.jar
2024-10-07 16:52:58,850 [Worker-72: Launching springCoreProject] INFO  o.eclipse.m2e.core.internal.Bundles - 	Entry: /Volumes/Spring Tool Suite 4/SpringToolSuite4.app/Contents/Eclipse/plugins/org.eclipse.m2e.maven.runtime_3.9.900.20240824-1409/jars/plexus-utils-3.5.1.jar
2024-10-07 16:52:58,850 [Worker-72: Launching springCoreProject] INFO  o.eclipse.m2e.core.internal.Bundles - 	Entry: /Volumes/Spring Tool Suite 4/SpringToolSuite4.app/Contents/Eclipse/plugins/org.eclipse.m2e.maven.runtime_3.9.900.20240824-1409/jars/plexus-xml-3.0.1.jar
2024-10-07 16:52:58,850 [Worker-72: Launching springCoreProject] INFO  o.eclipse.m2e.core.internal.Bundles - 	Entry: /Volumes/Spring Tool Suite 4/SpringToolSuite4.app/Contents/Eclipse/plugins/org.eclipse.m2e.maven.runtime_3.9.900.20240824-1409/jars/wagon-file-3.5.3.jar
2024-10-07 16:52:58,850 [Worker-72: Launching springCoreProject] INFO  o.eclipse.m2e.core.internal.Bundles - 	Entry: /Volumes/Spring Tool Suite 4/SpringToolSuite4.app/Contents/Eclipse/plugins/org.eclipse.m2e.maven.runtime_3.9.900.20240824-1409/jars/wagon-http-3.5.3.jar
2024-10-07 16:52:58,850 [Worker-72: Launching springCoreProject] INFO  o.eclipse.m2e.core.internal.Bundles - 	Entry: /Volumes/Spring Tool Suite 4/SpringToolSuite4.app/Contents/Eclipse/plugins/org.eclipse.m2e.maven.runtime_3.9.900.20240824-1409/jars/wagon-http-shared-3.5.3.jar
2024-10-07 16:52:58,850 [Worker-72: Launching springCoreProject] INFO  o.eclipse.m2e.core.internal.Bundles - 	Entry: /Volumes/Spring Tool Suite 4/SpringToolSuite4.app/Contents/Eclipse/plugins/org.eclipse.m2e.maven.runtime_3.9.900.20240824-1409/jars/wagon-provider-api-3.5.3.jar
2024-10-07 16:52:58,850 [Worker-72: Launching springCoreProject] INFO  o.eclipse.m2e.core.internal.Bundles - getClasspathEntries(Bundle=com.google.guava_33.3.0.jre [29])
2024-10-07 16:52:58,867 [Worker-72: Launching springCoreProject] INFO  o.eclipse.m2e.core.internal.Bundles - 	Entry: /Volumes/Spring Tool Suite 4/SpringToolSuite4.app/Contents/Eclipse/plugins/com.google.guava_33.3.0.jre.jar
2024-10-07 16:52:58,867 [Worker-72: Launching springCoreProject] INFO  o.eclipse.m2e.core.internal.Bundles - getClasspathEntries(Bundle=slf4j.api_2.0.16 [591])
2024-10-07 16:52:58,867 [Worker-72: Launching springCoreProject] INFO  o.eclipse.m2e.core.internal.Bundles - 	Entry: /Volumes/Spring Tool Suite 4/SpringToolSuite4.app/Contents/Eclipse/plugins/slf4j.api_2.0.16.jar
2024-10-07 16:52:58,867 [Worker-72: Launching springCoreProject] INFO  o.eclipse.m2e.core.internal.Bundles - getClasspathEntries(Bundle=jakarta.inject.jakarta.inject-api_1.0.5 [45])
2024-10-07 16:52:58,867 [Worker-72: Launching springCoreProject] INFO  o.eclipse.m2e.core.internal.Bundles - 	Entry: /Volumes/Spring Tool Suite 4/SpringToolSuite4.app/Contents/Eclipse/plugins/jakarta.inject.jakarta.inject-api_1.0.5.jar
2024-10-07 16:52:58,867 [Worker-72: Launching springCoreProject] INFO  o.eclipse.m2e.core.internal.Bundles - getClasspathEntries(Bundle=jakarta.annotation-api_1.3.5 [41])
2024-10-07 16:52:58,905 [Worker-72: Launching springCoreProject] INFO  o.eclipse.m2e.core.internal.Bundles - 	Entry: /Volumes/Spring Tool Suite 4/SpringToolSuite4.app/Contents/Eclipse/plugins/jakarta.annotation-api_1.3.5.jar
2024-10-07 16:52:58,905 [Worker-72: Launching springCoreProject] INFO  o.eclipse.m2e.core.internal.Bundles - getClasspathEntries(Bundle=org.apache.commons.cli_1.9.0 [77])
2024-10-07 16:52:58,905 [Worker-72: Launching springCoreProject] INFO  o.eclipse.m2e.core.internal.Bundles - 	Entry: /Volumes/Spring Tool Suite 4/SpringToolSuite4.app/Contents/Eclipse/plugins/org.apache.commons.cli_1.9.0.jar
2024-10-07 16:52:58,905 [Worker-72: Launching springCoreProject] INFO  o.eclipse.m2e.core.internal.Bundles - getClasspathEntries(Bundle=org.apache.commons.commons-codec_1.16.0 [80])
2024-10-07 16:52:58,905 [Worker-72: Launching springCoreProject] INFO  o.eclipse.m2e.core.internal.Bundles - 	Entry: /Volumes/Spring Tool Suite 4/SpringToolSuite4.app/Contents/Eclipse/plugins/org.apache.commons.commons-codec_1.16.0.jar
2024-10-07 16:52:58,905 [Worker-72: Launching springCoreProject] INFO  o.eclipse.m2e.core.internal.Bundles - getClasspathEntries(Bundle=com.google.guava.failureaccess_1.0.2 [30])
2024-10-07 16:52:58,905 [Worker-72: Launching springCoreProject] INFO  o.eclipse.m2e.core.internal.Bundles - 	Entry: /Volumes/Spring Tool Suite 4/SpringToolSuite4.app/Contents/Eclipse/plugins/com.google.guava.failureaccess_1.0.2.jar
2024-10-07 16:52:58,907 [Worker-72: Launching springCoreProject] INFO  o.e.m.i.launch.MavenLaunchDelegate - Run build in "/Users/harish/Documents/SpringCore/springCoreProject":
2024-10-07 16:52:58,907 [Worker-72: Launching springCoreProject] INFO  o.e.m.i.launch.MavenLaunchDelegate -  mvn  -B -Dstyle.color=always 
2024-10-07 16:54:29,993 [Worker-71: Launching Main] WARN  o.a.m.s.f.DefaultMavenResourcesFiltering - Using platform encoding (UTF-8 actually) to copy filtered resources, i.e. build is platform dependent!
2024-10-07 16:54:29,996 [Worker-71: Launching Main] INFO  o.a.m.s.f.DefaultMavenResourcesFiltering - Copying 0 resource from src/main/resources to target/classes
2024-10-07 16:54:29,996 [Worker-71: Launching Main] WARN  o.a.m.s.f.DefaultMavenResourcesFiltering - Using platform encoding (UTF-8 actually) to copy filtered resources, i.e. build is platform dependent!
2024-10-07 16:54:29,997 [Worker-71: Launching Main] INFO  o.a.m.s.f.DefaultMavenResourcesFiltering - Copying 0 resource from src/test/resources to target/test-classes
2024-10-07 16:55:24,377 [Worker-68: Building] WARN  o.a.m.s.f.DefaultMavenResourcesFiltering - Using platform encoding (UTF-8 actually) to copy filtered resources, i.e. build is platform dependent!
2024-10-07 16:55:24,379 [Worker-68: Building] INFO  o.a.m.s.f.DefaultMavenResourcesFiltering - Copying 0 resource from src/main/resources to target/classes
2024-10-07 16:55:24,380 [Worker-68: Building] WARN  o.a.m.s.f.DefaultMavenResourcesFiltering - Using platform encoding (UTF-8 actually) to copy filtered resources, i.e. build is platform dependent!
2024-10-07 16:55:24,381 [Worker-68: Building] INFO  o.a.m.s.f.DefaultMavenResourcesFiltering - Copying 0 resource from src/test/resources to target/test-classes
2024-10-07 16:57:13,846 [Worker-70: Building] WARN  o.a.m.s.f.DefaultMavenResourcesFiltering - Using platform encoding (UTF-8 actually) to copy filtered resources, i.e. build is platform dependent!
2024-10-07 16:57:13,849 [Worker-70: Building] INFO  o.a.m.s.f.DefaultMavenResourcesFiltering - Copying 0 resource from src/main/resources to target/classes
2024-10-07 16:57:13,850 [Worker-70: Building] WARN  o.a.m.s.f.DefaultMavenResourcesFiltering - Using platform encoding (UTF-8 actually) to copy filtered resources, i.e. build is platform dependent!
2024-10-07 16:57:13,871 [Worker-70: Building] INFO  o.a.m.s.f.DefaultMavenResourcesFiltering - Copying 0 resource from src/test/resources to target/test-classes
2024-10-07 16:57:45,281 [Worker-73: Launching Main] WARN  o.a.m.s.f.DefaultMavenResourcesFiltering - Using platform encoding (UTF-8 actually) to copy filtered resources, i.e. build is platform dependent!
2024-10-07 16:57:45,284 [Worker-73: Launching Main] INFO  o.a.m.s.f.DefaultMavenResourcesFiltering - Copying 0 resource from src/main/resources to target/classes
2024-10-07 16:57:45,285 [Worker-73: Launching Main] WARN  o.a.m.s.f.DefaultMavenResourcesFiltering - Using platform encoding (UTF-8 actually) to copy filtered resources, i.e. build is platform dependent!
2024-10-07 16:57:45,286 [Worker-73: Launching Main] INFO  o.a.m.s.f.DefaultMavenResourcesFiltering - Copying 0 resource from src/test/resources to target/test-classes
2024-10-07 16:58:05,414 [Worker-70: Launching Main] WARN  o.a.m.s.f.DefaultMavenResourcesFiltering - Using platform encoding (UTF-8 actually) to copy filtered resources, i.e. build is platform dependent!
2024-10-07 16:58:05,416 [Worker-70: Launching Main] INFO  o.a.m.s.f.DefaultMavenResourcesFiltering - Copying 0 resource from src/main/resources to target/classes
2024-10-07 16:58:05,417 [Worker-70: Launching Main] WARN  o.a.m.s.f.DefaultMavenResourcesFiltering - Using platform encoding (UTF-8 actually) to copy filtered resources, i.e. build is platform dependent!
2024-10-07 16:58:05,417 [Worker-70: Launching Main] INFO  o.a.m.s.f.DefaultMavenResourcesFiltering - Copying 0 resource from src/test/resources to target/test-classes
2024-10-07 16:58:48,959 [Worker-70: Launching Main] WARN  o.a.m.s.f.DefaultMavenResourcesFiltering - Using platform encoding (UTF-8 actually) to copy filtered resources, i.e. build is platform dependent!
2024-10-07 16:58:48,961 [Worker-70: Launching Main] INFO  o.a.m.s.f.DefaultMavenResourcesFiltering - Copying 0 resource from src/main/resources to target/classes
2024-10-07 16:58:48,962 [Worker-70: Launching Main] WARN  o.a.m.s.f.DefaultMavenResourcesFiltering - Using platform encoding (UTF-8 actually) to copy filtered resources, i.e. build is platform dependent!
2024-10-07 16:58:48,962 [Worker-70: Launching Main] INFO  o.a.m.s.f.DefaultMavenResourcesFiltering - Copying 0 resource from src/test/resources to target/test-classes
2024-10-07 17:33:21,628 [Worker-6: Loading available Gradle versions] INFO  o.e.b.c.i.u.g.PublishedGradleVersions - Gradle version information cache is up-to-date. Trying to read.
2024-10-07 17:54:21,059 [Worker-2: Loading available Gradle versions] INFO  o.e.b.c.i.u.g.PublishedGradleVersions - Gradle version information cache is up-to-date. Trying to read.
2024-10-07 22:26:08,280 [Worker-25: Creating project "SpringProjectPrimitiveConstructorInjection"] INFO  o.e.m.c.i.l.LifecycleMappingFactory - Using org.eclipse.m2e.jdt.JarLifecycleMapping lifecycle mapping for MavenProject: com.kumar.primitiveInjection:SpringProjectPrimitiveConstructorInjection:0.0.1-SNAPSHOT @ /Users/harish/Documents/SpringCore/SpringProjectPrimitiveConstructorInjection/pom.xml.
2024-10-07 22:26:08,647 [Worker-25: Creating project "SpringProjectPrimitiveConstructorInjection"] INFO  o.e.m.j.i.AbstractJavaProjectConfigurator - Adding source folder /SpringProjectPrimitiveConstructorInjection/src/main/java
2024-10-07 22:26:08,648 [Worker-25: Creating project "SpringProjectPrimitiveConstructorInjection"] INFO  o.e.m.j.i.AbstractJavaProjectConfigurator - Adding resource folder /SpringProjectPrimitiveConstructorInjection/src/main/resources
2024-10-07 22:26:08,648 [Worker-25: Creating project "SpringProjectPrimitiveConstructorInjection"] INFO  o.e.m.j.i.AbstractJavaProjectConfigurator - Adding source folder /SpringProjectPrimitiveConstructorInjection/src/test/java
2024-10-07 22:26:08,648 [Worker-25: Creating project "SpringProjectPrimitiveConstructorInjection"] INFO  o.e.m.j.i.AbstractJavaProjectConfigurator - Adding resource folder /SpringProjectPrimitiveConstructorInjection/src/test/resources
2024-10-07 22:26:09,154 [Worker-20: Building] WARN  o.a.m.s.f.DefaultMavenResourcesFiltering - Using platform encoding (UTF-8 actually) to copy filtered resources, i.e. build is platform dependent!
2024-10-07 22:26:09,159 [Worker-20: Building] INFO  o.a.m.s.f.DefaultMavenResourcesFiltering - Copying 0 resource from src/main/resources to target/classes
2024-10-07 22:26:09,160 [Worker-20: Building] WARN  o.a.m.s.f.DefaultMavenResourcesFiltering - Using platform encoding (UTF-8 actually) to copy filtered resources, i.e. build is platform dependent!
2024-10-07 22:26:09,161 [Worker-20: Building] INFO  o.a.m.s.f.DefaultMavenResourcesFiltering - Copying 0 resource from src/test/resources to target/test-classes
2024-10-07 22:26:09,296 [Worker-20: Building] WARN  o.a.m.s.f.DefaultMavenResourcesFiltering - Using platform encoding (UTF-8 actually) to copy filtered resources, i.e. build is platform dependent!
2024-10-07 22:26:09,296 [Worker-20: Building] INFO  o.a.m.s.f.DefaultMavenResourcesFiltering - Copying 0 resource from src/main/resources to target/classes
2024-10-07 22:26:09,297 [Worker-20: Building] WARN  o.a.m.s.f.DefaultMavenResourcesFiltering - Using platform encoding (UTF-8 actually) to copy filtered resources, i.e. build is platform dependent!
2024-10-07 22:26:09,297 [Worker-20: Building] INFO  o.a.m.s.f.DefaultMavenResourcesFiltering - Copying 0 resource from src/test/resources to target/test-classes
2024-10-07 22:27:59,380 [Worker-20: Building] WARN  o.a.m.s.f.DefaultMavenResourcesFiltering - Using platform encoding (UTF-8 actually) to copy filtered resources, i.e. build is platform dependent!
2024-10-07 22:27:59,383 [Worker-20: Building] INFO  o.a.m.s.f.DefaultMavenResourcesFiltering - Copying 0 resource from src/main/resources to target/classes
2024-10-07 22:27:59,384 [Worker-20: Building] WARN  o.a.m.s.f.DefaultMavenResourcesFiltering - Using platform encoding (UTF-8 actually) to copy filtered resources, i.e. build is platform dependent!
2024-10-07 22:27:59,384 [Worker-20: Building] INFO  o.a.m.s.f.DefaultMavenResourcesFiltering - Copying 0 resource from src/test/resources to target/test-classes
2024-10-07 22:28:14,392 [Worker-16: Building] WARN  o.a.m.s.f.DefaultMavenResourcesFiltering - Using platform encoding (UTF-8 actually) to copy filtered resources, i.e. build is platform dependent!
2024-10-07 22:28:14,393 [Worker-16: Building] INFO  o.a.m.s.f.DefaultMavenResourcesFiltering - Copying 0 resource from src/main/resources to target/classes
2024-10-07 22:28:14,394 [Worker-16: Building] WARN  o.a.m.s.f.DefaultMavenResourcesFiltering - Using platform encoding (UTF-8 actually) to copy filtered resources, i.e. build is platform dependent!
2024-10-07 22:28:14,394 [Worker-16: Building] INFO  o.a.m.s.f.DefaultMavenResourcesFiltering - Copying 0 resource from src/test/resources to target/test-classes
2024-10-07 22:29:28,927 [Worker-25: Building] WARN  o.a.m.s.f.DefaultMavenResourcesFiltering - Using platform encoding (UTF-8 actually) to copy filtered resources, i.e. build is platform dependent!
2024-10-07 22:29:28,928 [Worker-25: Building] INFO  o.a.m.s.f.DefaultMavenResourcesFiltering - Copying 0 resource from src/main/resources to target/classes
2024-10-07 22:29:28,929 [Worker-25: Building] WARN  o.a.m.s.f.DefaultMavenResourcesFiltering - Using platform encoding (UTF-8 actually) to copy filtered resources, i.e. build is platform dependent!
2024-10-07 22:29:28,929 [Worker-25: Building] INFO  o.a.m.s.f.DefaultMavenResourcesFiltering - Copying 0 resource from src/test/resources to target/test-classes
2024-10-07 22:29:50,340 [Worker-16: Building] WARN  o.a.m.s.f.DefaultMavenResourcesFiltering - Using platform encoding (UTF-8 actually) to copy filtered resources, i.e. build is platform dependent!
2024-10-07 22:29:50,341 [Worker-16: Building] INFO  o.a.m.s.f.DefaultMavenResourcesFiltering - Copying 0 resource from src/main/resources to target/classes
2024-10-07 22:29:50,342 [Worker-16: Building] WARN  o.a.m.s.f.DefaultMavenResourcesFiltering - Using platform encoding (UTF-8 actually) to copy filtered resources, i.e. build is platform dependent!
2024-10-07 22:29:50,342 [Worker-16: Building] INFO  o.a.m.s.f.DefaultMavenResourcesFiltering - Copying 0 resource from src/test/resources to target/test-classes
2024-10-07 22:30:02,547 [Worker-25: Building] WARN  o.a.m.s.f.DefaultMavenResourcesFiltering - Using platform encoding (UTF-8 actually) to copy filtered resources, i.e. build is platform dependent!
2024-10-07 22:30:02,548 [Worker-25: Building] INFO  o.a.m.s.f.DefaultMavenResourcesFiltering - Copying 0 resource from src/main/resources to target/classes
2024-10-07 22:30:02,548 [Worker-25: Building] WARN  o.a.m.s.f.DefaultMavenResourcesFiltering - Using platform encoding (UTF-8 actually) to copy filtered resources, i.e. build is platform dependent!
2024-10-07 22:30:02,549 [Worker-25: Building] INFO  o.a.m.s.f.DefaultMavenResourcesFiltering - Copying 0 resource from src/test/resources to target/test-classes
2024-10-07 22:35:39,800 [Worker-27: Building] WARN  o.a.m.s.f.DefaultMavenResourcesFiltering - Using platform encoding (UTF-8 actually) to copy filtered resources, i.e. build is platform dependent!
2024-10-07 22:35:39,801 [Worker-27: Building] INFO  o.a.m.s.f.DefaultMavenResourcesFiltering - Copying 0 resource from src/main/resources to target/classes
2024-10-07 22:35:39,802 [Worker-27: Building] WARN  o.a.m.s.f.DefaultMavenResourcesFiltering - Using platform encoding (UTF-8 actually) to copy filtered resources, i.e. build is platform dependent!
2024-10-07 22:35:39,802 [Worker-27: Building] INFO  o.a.m.s.f.DefaultMavenResourcesFiltering - Copying 0 resource from src/test/resources to target/test-classes
2024-10-07 22:42:55,437 [Worker-28: Building] WARN  o.a.m.s.f.DefaultMavenResourcesFiltering - Using platform encoding (UTF-8 actually) to copy filtered resources, i.e. build is platform dependent!
2024-10-07 22:42:55,439 [Worker-28: Building] INFO  o.a.m.s.f.DefaultMavenResourcesFiltering - Copying 0 resource from src/main/resources to target/classes
2024-10-07 22:42:55,440 [Worker-28: Building] WARN  o.a.m.s.f.DefaultMavenResourcesFiltering - Using platform encoding (UTF-8 actually) to copy filtered resources, i.e. build is platform dependent!
2024-10-07 22:42:55,440 [Worker-28: Building] INFO  o.a.m.s.f.DefaultMavenResourcesFiltering - Copying 0 resource from src/test/resources to target/test-classes
2024-10-07 22:43:12,201 [Worker-27: Launching Main] WARN  o.a.m.s.f.DefaultMavenResourcesFiltering - Using platform encoding (UTF-8 actually) to copy filtered resources, i.e. build is platform dependent!
2024-10-07 22:43:12,203 [Worker-27: Launching Main] INFO  o.a.m.s.f.DefaultMavenResourcesFiltering - Copying 0 resource from src/main/resources to target/classes
2024-10-07 22:43:12,204 [Worker-27: Launching Main] WARN  o.a.m.s.f.DefaultMavenResourcesFiltering - Using platform encoding (UTF-8 actually) to copy filtered resources, i.e. build is platform dependent!
2024-10-07 22:43:12,204 [Worker-27: Launching Main] INFO  o.a.m.s.f.DefaultMavenResourcesFiltering - Copying 0 resource from src/test/resources to target/test-classes
2024-10-10 21:13:42,410 [Worker-2: Loading available Gradle versions] INFO  o.e.b.c.i.u.g.PublishedGradleVersions - Gradle version information cache is out-of-date. Trying to update.
2024-10-10 21:14:08,828 [Worker-10: Creating project "Spring_AOP_1"] INFO  o.e.m.c.i.l.LifecycleMappingFactory - Using org.eclipse.m2e.jdt.JarLifecycleMapping lifecycle mapping for MavenProject: com.kumar.apolis:Spring_AOP_1:0.0.1-SNAPSHOT @ /Users/harish/Documents/SpringCore/Spring_AOP_1/pom.xml.
2024-10-10 21:14:09,135 [Worker-10: Creating project "Spring_AOP_1"] INFO  o.e.m.j.i.AbstractJavaProjectConfigurator - Adding source folder /Spring_AOP_1/src/main/java
2024-10-10 21:14:09,136 [Worker-10: Creating project "Spring_AOP_1"] INFO  o.e.m.j.i.AbstractJavaProjectConfigurator - Adding resource folder /Spring_AOP_1/src/main/resources
2024-10-10 21:14:09,136 [Worker-10: Creating project "Spring_AOP_1"] INFO  o.e.m.j.i.AbstractJavaProjectConfigurator - Adding source folder /Spring_AOP_1/src/test/java
2024-10-10 21:14:09,136 [Worker-10: Creating project "Spring_AOP_1"] INFO  o.e.m.j.i.AbstractJavaProjectConfigurator - Adding resource folder /Spring_AOP_1/src/test/resources
2024-10-10 21:14:09,440 [Worker-5: Building] WARN  o.a.m.s.f.DefaultMavenResourcesFiltering - Using platform encoding (UTF-8 actually) to copy filtered resources, i.e. build is platform dependent!
2024-10-10 21:14:09,444 [Worker-5: Building] INFO  o.a.m.s.f.DefaultMavenResourcesFiltering - Copying 0 resource from src/main/resources to target/classes
2024-10-10 21:14:09,446 [Worker-5: Building] WARN  o.a.m.s.f.DefaultMavenResourcesFiltering - Using platform encoding (UTF-8 actually) to copy filtered resources, i.e. build is platform dependent!
2024-10-10 21:14:09,446 [Worker-5: Building] INFO  o.a.m.s.f.DefaultMavenResourcesFiltering - Copying 0 resource from src/test/resources to target/test-classes
2024-10-10 21:15:04,693 [Worker-13: Building] INFO  o.e.m.c.i.l.LifecycleMappingFactory - Using org.eclipse.m2e.jdt.JarLifecycleMapping lifecycle mapping for MavenProject: com.kumar.apolis:Spring_AOP_1:0.0.1-SNAPSHOT @ /Users/harish/Documents/SpringCore/Spring_AOP_1/pom.xml.
2024-10-10 21:15:05,219 [Worker-13: Building] INFO  o.e.m.c.i.e.AbstractTransferListenerAdapter - Downloading https://repo.maven.apache.org/maven2/org/springframework/spring-jdbc/4.3.3.RELEASE/spring-jdbc-4.3.3.RELEASE.pom
2024-10-10 21:15:05,228 [Worker-13: Building] INFO  o.e.m.c.i.e.AbstractTransferListenerAdapter - Downloaded https://repo.maven.apache.org/maven2/org/springframework/spring-jdbc/4.3.3.RELEASE/spring-jdbc-4.3.3.RELEASE.pom
2024-10-10 21:15:05,306 [Worker-13: Building] INFO  o.e.m.c.i.e.AbstractTransferListenerAdapter - Downloading https://repo.maven.apache.org/maven2/org/springframework/spring-tx/4.3.3.RELEASE/spring-tx-4.3.3.RELEASE.pom
2024-10-10 21:15:05,309 [Worker-13: Building] INFO  o.e.m.c.i.e.AbstractTransferListenerAdapter - Downloaded https://repo.maven.apache.org/maven2/org/springframework/spring-tx/4.3.3.RELEASE/spring-tx-4.3.3.RELEASE.pom
2024-10-10 21:15:05,360 [Worker-13: Building] INFO  o.e.m.c.i.e.AbstractTransferListenerAdapter - Downloading https://repo.maven.apache.org/maven2/org/springframework/spring-aspects/4.3.3.RELEASE/spring-aspects-4.3.3.RELEASE.pom
2024-10-10 21:15:05,364 [Worker-13: Building] INFO  o.e.m.c.i.e.AbstractTransferListenerAdapter - Downloaded https://repo.maven.apache.org/maven2/org/springframework/spring-aspects/4.3.3.RELEASE/spring-aspects-4.3.3.RELEASE.pom
2024-10-10 21:15:05,384 [Worker-13: Building] INFO  o.e.m.c.i.e.AbstractTransferListenerAdapter - Downloading https://repo.maven.apache.org/maven2/org/aspectj/aspectjweaver/1.8.9/aspectjweaver-1.8.9.pom
2024-10-10 21:15:05,386 [Worker-13: Building] INFO  o.e.m.c.i.e.AbstractTransferListenerAdapter - Downloaded https://repo.maven.apache.org/maven2/org/aspectj/aspectjweaver/1.8.9/aspectjweaver-1.8.9.pom
2024-10-10 21:15:05,409 [Worker-13: Building] INFO  o.e.m.c.i.e.AbstractTransferListenerAdapter - Downloading https://repo.maven.apache.org/maven2/org/springframework/spring-jdbc/4.3.3.RELEASE/spring-jdbc-4.3.3.RELEASE.jar
2024-10-10 21:15:05,670 [Worker-13: Building] INFO  o.e.m.c.i.e.AbstractTransferListenerAdapter - Downloaded https://repo.maven.apache.org/maven2/org/springframework/spring-jdbc/4.3.3.RELEASE/spring-jdbc-4.3.3.RELEASE.jar
2024-10-10 21:15:05,694 [BasicRepositoryConnector-repo.maven.apache.org-0-2] INFO  o.e.m.c.i.e.AbstractTransferListenerAdapter - Downloading https://repo.maven.apache.org/maven2/org/aspectj/aspectjweaver/1.8.9/aspectjweaver-1.8.9.jar
2024-10-10 21:15:05,782 [BasicRepositoryConnector-repo.maven.apache.org-0-0] INFO  o.e.m.c.i.e.AbstractTransferListenerAdapter - Downloading https://repo.maven.apache.org/maven2/org/springframework/spring-tx/4.3.3.RELEASE/spring-tx-4.3.3.RELEASE.jar
2024-10-10 21:15:05,822 [BasicRepositoryConnector-repo.maven.apache.org-0-1] INFO  o.e.m.c.i.e.AbstractTransferListenerAdapter - Downloading https://repo.maven.apache.org/maven2/org/springframework/spring-aspects/4.3.3.RELEASE/spring-aspects-4.3.3.RELEASE.jar
2024-10-10 21:15:05,950 [BasicRepositoryConnector-repo.maven.apache.org-0-1] INFO  o.e.m.c.i.e.AbstractTransferListenerAdapter - Downloaded https://repo.maven.apache.org/maven2/org/springframework/spring-aspects/4.3.3.RELEASE/spring-aspects-4.3.3.RELEASE.jar
2024-10-10 21:15:06,330 [BasicRepositoryConnector-repo.maven.apache.org-0-0] INFO  o.e.m.c.i.e.AbstractTransferListenerAdapter - Downloaded https://repo.maven.apache.org/maven2/org/springframework/spring-tx/4.3.3.RELEASE/spring-tx-4.3.3.RELEASE.jar
2024-10-10 21:15:07,089 [BasicRepositoryConnector-repo.maven.apache.org-0-2] INFO  o.e.m.c.i.e.AbstractTransferListenerAdapter - Downloaded https://repo.maven.apache.org/maven2/org/aspectj/aspectjweaver/1.8.9/aspectjweaver-1.8.9.jar
2024-10-10 21:15:07,181 [Worker-13: Building] WARN  o.a.m.s.f.DefaultMavenResourcesFiltering - Using platform encoding (UTF-8 actually) to copy filtered resources, i.e. build is platform dependent!
2024-10-10 21:15:07,182 [Worker-13: Building] INFO  o.a.m.s.f.DefaultMavenResourcesFiltering - Copying 0 resource from src/main/resources to target/classes
2024-10-10 21:15:07,184 [Worker-13: Building] WARN  o.a.m.s.f.DefaultMavenResourcesFiltering - Using platform encoding (UTF-8 actually) to copy filtered resources, i.e. build is platform dependent!
2024-10-10 21:15:07,184 [Worker-13: Building] INFO  o.a.m.s.f.DefaultMavenResourcesFiltering - Copying 0 resource from src/test/resources to target/test-classes
2024-10-10 21:15:07,461 [Worker-11: Building] WARN  o.a.m.s.f.DefaultMavenResourcesFiltering - Using platform encoding (UTF-8 actually) to copy filtered resources, i.e. build is platform dependent!
2024-10-10 21:15:07,461 [Worker-11: Building] INFO  o.a.m.s.f.DefaultMavenResourcesFiltering - Copying 0 resource from src/main/resources to target/classes
2024-10-10 21:15:07,462 [Worker-11: Building] WARN  o.a.m.s.f.DefaultMavenResourcesFiltering - Using platform encoding (UTF-8 actually) to copy filtered resources, i.e. build is platform dependent!
2024-10-10 21:15:07,463 [Worker-11: Building] INFO  o.a.m.s.f.DefaultMavenResourcesFiltering - Copying 0 resource from src/test/resources to target/test-classes
2024-10-10 21:15:08,219 [Worker-4: Download sources and javadoc] INFO  o.e.m.c.i.e.AbstractTransferListenerAdapter - Downloading https://repo.maven.apache.org/maven2/org/springframework/spring-jdbc/4.3.3.RELEASE/spring-jdbc-4.3.3.RELEASE-sources.jar
2024-10-10 21:15:08,410 [Worker-4: Download sources and javadoc] INFO  o.e.m.c.i.e.AbstractTransferListenerAdapter - Downloaded https://repo.maven.apache.org/maven2/org/springframework/spring-jdbc/4.3.3.RELEASE/spring-jdbc-4.3.3.RELEASE-sources.jar
2024-10-10 21:15:08,423 [Worker-4: Download sources and javadoc] INFO  o.e.m.j.internal.DownloadSourcesJob - Downloaded sources for org.springframework:spring-jdbc:4.3.3.RELEASE
2024-10-10 21:15:08,515 [Worker-4: Download sources and javadoc] INFO  o.e.m.c.i.e.AbstractTransferListenerAdapter - Downloading https://repo.maven.apache.org/maven2/org/springframework/spring-tx/4.3.3.RELEASE/spring-tx-4.3.3.RELEASE-sources.jar
2024-10-10 21:15:08,650 [Worker-4: Download sources and javadoc] INFO  o.e.m.c.i.e.AbstractTransferListenerAdapter - Downloaded https://repo.maven.apache.org/maven2/org/springframework/spring-tx/4.3.3.RELEASE/spring-tx-4.3.3.RELEASE-sources.jar
2024-10-10 21:15:08,655 [Worker-4: Download sources and javadoc] INFO  o.e.m.j.internal.DownloadSourcesJob - Downloaded sources for org.springframework:spring-tx:4.3.3.RELEASE
2024-10-10 21:15:08,722 [Worker-4: Download sources and javadoc] INFO  o.e.m.c.i.e.AbstractTransferListenerAdapter - Downloading https://repo.maven.apache.org/maven2/org/springframework/spring-aspects/4.3.3.RELEASE/spring-aspects-4.3.3.RELEASE-sources.jar
2024-10-10 21:15:08,733 [Worker-4: Download sources and javadoc] INFO  o.e.m.c.i.e.AbstractTransferListenerAdapter - Downloaded https://repo.maven.apache.org/maven2/org/springframework/spring-aspects/4.3.3.RELEASE/spring-aspects-4.3.3.RELEASE-sources.jar
2024-10-10 21:15:08,734 [Worker-4: Download sources and javadoc] INFO  o.e.m.j.internal.DownloadSourcesJob - Downloaded sources for org.springframework:spring-aspects:4.3.3.RELEASE
2024-10-10 21:15:08,828 [Worker-4: Download sources and javadoc] INFO  o.e.m.c.i.e.AbstractTransferListenerAdapter - Downloading https://repo.maven.apache.org/maven2/org/aspectj/aspectjweaver/1.8.9/aspectjweaver-1.8.9-sources.jar
2024-10-10 21:15:09,475 [Worker-4: Download sources and javadoc] INFO  o.e.m.c.i.e.AbstractTransferListenerAdapter - Downloaded https://repo.maven.apache.org/maven2/org/aspectj/aspectjweaver/1.8.9/aspectjweaver-1.8.9-sources.jar
2024-10-10 21:15:09,479 [Worker-4: Download sources and javadoc] INFO  o.e.m.j.internal.DownloadSourcesJob - Downloaded sources for org.aspectj:aspectjweaver:1.8.9
2024-10-10 21:18:09,997 [Worker-13: Building] WARN  o.a.m.s.f.DefaultMavenResourcesFiltering - Using platform encoding (UTF-8 actually) to copy filtered resources, i.e. build is platform dependent!
2024-10-10 21:18:09,998 [Worker-13: Building] INFO  o.a.m.s.f.DefaultMavenResourcesFiltering - Copying 0 resource from src/main/resources to target/classes
2024-10-10 21:18:09,999 [Worker-13: Building] WARN  o.a.m.s.f.DefaultMavenResourcesFiltering - Using platform encoding (UTF-8 actually) to copy filtered resources, i.e. build is platform dependent!
2024-10-10 21:18:10,000 [Worker-13: Building] INFO  o.a.m.s.f.DefaultMavenResourcesFiltering - Copying 0 resource from src/test/resources to target/test-classes
2024-10-10 21:18:27,520 [Worker-17: Building] WARN  o.a.m.s.f.DefaultMavenResourcesFiltering - Using platform encoding (UTF-8 actually) to copy filtered resources, i.e. build is platform dependent!
2024-10-10 21:18:27,521 [Worker-17: Building] INFO  o.a.m.s.f.DefaultMavenResourcesFiltering - Copying 0 resource from src/main/resources to target/classes
2024-10-10 21:18:27,522 [Worker-17: Building] WARN  o.a.m.s.f.DefaultMavenResourcesFiltering - Using platform encoding (UTF-8 actually) to copy filtered resources, i.e. build is platform dependent!
2024-10-10 21:18:27,523 [Worker-17: Building] INFO  o.a.m.s.f.DefaultMavenResourcesFiltering - Copying 0 resource from src/test/resources to target/test-classes
2024-10-10 21:18:51,010 [Worker-13: Building] WARN  o.a.m.s.f.DefaultMavenResourcesFiltering - Using platform encoding (UTF-8 actually) to copy filtered resources, i.e. build is platform dependent!
2024-10-10 21:18:51,011 [Worker-13: Building] INFO  o.a.m.s.f.DefaultMavenResourcesFiltering - Copying 0 resource from src/main/resources to target/classes
2024-10-10 21:18:51,012 [Worker-13: Building] WARN  o.a.m.s.f.DefaultMavenResourcesFiltering - Using platform encoding (UTF-8 actually) to copy filtered resources, i.e. build is platform dependent!
2024-10-10 21:18:51,012 [Worker-13: Building] INFO  o.a.m.s.f.DefaultMavenResourcesFiltering - Copying 0 resource from src/test/resources to target/test-classes
2024-10-10 21:19:26,503 [Worker-17: Building] WARN  o.a.m.s.f.DefaultMavenResourcesFiltering - Using platform encoding (UTF-8 actually) to copy filtered resources, i.e. build is platform dependent!
2024-10-10 21:19:26,504 [Worker-17: Building] INFO  o.a.m.s.f.DefaultMavenResourcesFiltering - Copying 0 resource from src/main/resources to target/classes
2024-10-10 21:19:26,505 [Worker-17: Building] WARN  o.a.m.s.f.DefaultMavenResourcesFiltering - Using platform encoding (UTF-8 actually) to copy filtered resources, i.e. build is platform dependent!
2024-10-10 21:19:26,505 [Worker-17: Building] INFO  o.a.m.s.f.DefaultMavenResourcesFiltering - Copying 0 resource from src/test/resources to target/test-classes
2024-10-10 21:20:06,689 [Worker-22: Building] WARN  o.a.m.s.f.DefaultMavenResourcesFiltering - Using platform encoding (UTF-8 actually) to copy filtered resources, i.e. build is platform dependent!
2024-10-10 21:20:06,690 [Worker-22: Building] INFO  o.a.m.s.f.DefaultMavenResourcesFiltering - Copying 0 resource from src/main/resources to target/classes
2024-10-10 21:20:06,691 [Worker-22: Building] WARN  o.a.m.s.f.DefaultMavenResourcesFiltering - Using platform encoding (UTF-8 actually) to copy filtered resources, i.e. build is platform dependent!
2024-10-10 21:20:06,691 [Worker-22: Building] INFO  o.a.m.s.f.DefaultMavenResourcesFiltering - Copying 0 resource from src/test/resources to target/test-classes
2024-10-10 21:20:40,327 [Worker-26: Building] WARN  o.a.m.s.f.DefaultMavenResourcesFiltering - Using platform encoding (UTF-8 actually) to copy filtered resources, i.e. build is platform dependent!
2024-10-10 21:20:40,328 [Worker-26: Building] INFO  o.a.m.s.f.DefaultMavenResourcesFiltering - Copying 0 resource from src/main/resources to target/classes
2024-10-10 21:20:40,329 [Worker-26: Building] WARN  o.a.m.s.f.DefaultMavenResourcesFiltering - Using platform encoding (UTF-8 actually) to copy filtered resources, i.e. build is platform dependent!
2024-10-10 21:20:40,329 [Worker-26: Building] INFO  o.a.m.s.f.DefaultMavenResourcesFiltering - Copying 0 resource from src/test/resources to target/test-classes
2024-10-10 21:32:42,659 [Worker-28: Building] INFO  o.e.m.c.i.l.LifecycleMappingFactory - Using org.eclipse.m2e.jdt.JarLifecycleMapping lifecycle mapping for MavenProject: com.kumar.apolis:Spring_AOP_1:0.0.1-SNAPSHOT @ /Users/harish/Documents/SpringCore/Spring_AOP_2/pom.xml.
2024-10-10 21:32:42,687 [Worker-28: Building] WARN  o.a.m.s.f.DefaultMavenResourcesFiltering - Using platform encoding (UTF-8 actually) to copy filtered resources, i.e. build is platform dependent!
2024-10-10 21:32:42,688 [Worker-28: Building] INFO  o.a.m.s.f.DefaultMavenResourcesFiltering - Copying 0 resource from src/main/resources to target/classes
2024-10-10 21:32:42,688 [Worker-28: Building] WARN  o.a.m.s.f.DefaultMavenResourcesFiltering - Using platform encoding (UTF-8 actually) to copy filtered resources, i.e. build is platform dependent!
2024-10-10 21:32:42,689 [Worker-28: Building] INFO  o.a.m.s.f.DefaultMavenResourcesFiltering - Copying 0 resource from src/test/resources to target/test-classes
2024-10-10 21:32:43,829 [Worker-29: Building] WARN  o.a.m.s.f.DefaultMavenResourcesFiltering - Using platform encoding (UTF-8 actually) to copy filtered resources, i.e. build is platform dependent!
2024-10-10 21:32:43,829 [Worker-29: Building] INFO  o.a.m.s.f.DefaultMavenResourcesFiltering - Copying 0 resource from src/main/resources to target/classes
2024-10-10 21:32:43,830 [Worker-29: Building] WARN  o.a.m.s.f.DefaultMavenResourcesFiltering - Using platform encoding (UTF-8 actually) to copy filtered resources, i.e. build is platform dependent!
2024-10-10 21:32:43,830 [Worker-29: Building] INFO  o.a.m.s.f.DefaultMavenResourcesFiltering - Copying 0 resource from src/test/resources to target/test-classes
2024-10-10 21:35:16,812 [Worker-28: Building] WARN  o.a.m.s.f.DefaultMavenResourcesFiltering - Using platform encoding (UTF-8 actually) to copy filtered resources, i.e. build is platform dependent!
2024-10-10 21:35:16,814 [Worker-28: Building] INFO  o.a.m.s.f.DefaultMavenResourcesFiltering - Copying 0 resource from src/main/resources to target/classes
2024-10-10 21:35:16,816 [Worker-28: Building] WARN  o.a.m.s.f.DefaultMavenResourcesFiltering - Using platform encoding (UTF-8 actually) to copy filtered resources, i.e. build is platform dependent!
2024-10-10 21:35:16,817 [Worker-28: Building] INFO  o.a.m.s.f.DefaultMavenResourcesFiltering - Copying 0 resource from src/test/resources to target/test-classes
2024-10-10 21:35:52,791 [Worker-32: Building] WARN  o.a.m.s.f.DefaultMavenResourcesFiltering - Using platform encoding (UTF-8 actually) to copy filtered resources, i.e. build is platform dependent!
2024-10-10 21:35:52,791 [Worker-32: Building] INFO  o.a.m.s.f.DefaultMavenResourcesFiltering - Copying 0 resource from src/main/resources to target/classes
2024-10-10 21:35:52,792 [Worker-32: Building] WARN  o.a.m.s.f.DefaultMavenResourcesFiltering - Using platform encoding (UTF-8 actually) to copy filtered resources, i.e. build is platform dependent!
2024-10-10 21:35:52,793 [Worker-32: Building] INFO  o.a.m.s.f.DefaultMavenResourcesFiltering - Copying 0 resource from src/test/resources to target/test-classes
2024-10-10 21:37:25,482 [Worker-25: Building] WARN  o.a.m.s.f.DefaultMavenResourcesFiltering - Using platform encoding (UTF-8 actually) to copy filtered resources, i.e. build is platform dependent!
2024-10-10 21:37:25,483 [Worker-25: Building] INFO  o.a.m.s.f.DefaultMavenResourcesFiltering - Copying 0 resource from src/main/resources to target/classes
2024-10-10 21:37:25,484 [Worker-25: Building] WARN  o.a.m.s.f.DefaultMavenResourcesFiltering - Using platform encoding (UTF-8 actually) to copy filtered resources, i.e. build is platform dependent!
2024-10-10 21:37:25,484 [Worker-25: Building] INFO  o.a.m.s.f.DefaultMavenResourcesFiltering - Copying 0 resource from src/test/resources to target/test-classes
2024-10-10 21:37:47,294 [Worker-25: Building] WARN  o.a.m.s.f.DefaultMavenResourcesFiltering - Using platform encoding (UTF-8 actually) to copy filtered resources, i.e. build is platform dependent!
2024-10-10 21:37:47,295 [Worker-25: Building] INFO  o.a.m.s.f.DefaultMavenResourcesFiltering - Copying 0 resource from src/main/resources to target/classes
2024-10-10 21:37:47,296 [Worker-25: Building] WARN  o.a.m.s.f.DefaultMavenResourcesFiltering - Using platform encoding (UTF-8 actually) to copy filtered resources, i.e. build is platform dependent!
2024-10-10 21:37:47,297 [Worker-25: Building] INFO  o.a.m.s.f.DefaultMavenResourcesFiltering - Copying 0 resource from src/test/resources to target/test-classes
2024-10-10 21:38:00,278 [Worker-31: Building] WARN  o.a.m.s.f.DefaultMavenResourcesFiltering - Using platform encoding (UTF-8 actually) to copy filtered resources, i.e. build is platform dependent!
2024-10-10 21:38:00,279 [Worker-31: Building] INFO  o.a.m.s.f.DefaultMavenResourcesFiltering - Copying 0 resource from src/main/resources to target/classes
2024-10-10 21:38:00,280 [Worker-31: Building] WARN  o.a.m.s.f.DefaultMavenResourcesFiltering - Using platform encoding (UTF-8 actually) to copy filtered resources, i.e. build is platform dependent!
2024-10-10 21:38:00,280 [Worker-31: Building] INFO  o.a.m.s.f.DefaultMavenResourcesFiltering - Copying 0 resource from src/test/resources to target/test-classes
2024-10-10 21:38:22,447 [Worker-31: Launching StartApplication] WARN  o.a.m.s.f.DefaultMavenResourcesFiltering - Using platform encoding (UTF-8 actually) to copy filtered resources, i.e. build is platform dependent!
2024-10-10 21:38:22,448 [Worker-31: Launching StartApplication] INFO  o.a.m.s.f.DefaultMavenResourcesFiltering - Copying 0 resource from src/main/resources to target/classes
2024-10-10 21:38:22,448 [Worker-31: Launching StartApplication] WARN  o.a.m.s.f.DefaultMavenResourcesFiltering - Using platform encoding (UTF-8 actually) to copy filtered resources, i.e. build is platform dependent!
2024-10-10 21:38:22,448 [Worker-31: Launching StartApplication] INFO  o.a.m.s.f.DefaultMavenResourcesFiltering - Copying 0 resource from src/test/resources to target/test-classes
2024-10-10 21:39:35,785 [Worker-30: Building] WARN  o.a.m.s.f.DefaultMavenResourcesFiltering - Using platform encoding (UTF-8 actually) to copy filtered resources, i.e. build is platform dependent!
2024-10-10 21:39:35,786 [Worker-30: Building] INFO  o.a.m.s.f.DefaultMavenResourcesFiltering - Copying 0 resource from src/main/resources to target/classes
2024-10-10 21:39:35,787 [Worker-30: Building] WARN  o.a.m.s.f.DefaultMavenResourcesFiltering - Using platform encoding (UTF-8 actually) to copy filtered resources, i.e. build is platform dependent!
2024-10-10 21:39:35,787 [Worker-30: Building] INFO  o.a.m.s.f.DefaultMavenResourcesFiltering - Copying 0 resource from src/test/resources to target/test-classes
2024-10-10 21:40:18,295 [Worker-29: Building] INFO  o.e.m.c.i.l.LifecycleMappingFactory - Using org.eclipse.m2e.jdt.JarLifecycleMapping lifecycle mapping for MavenProject: com.kumar.apolis:Spring_AOP_1:0.0.1-SNAPSHOT @ /Users/harish/Documents/SpringCore/Spring_AOP_3/pom.xml.
2024-10-10 21:40:18,323 [Worker-29: Building] WARN  o.a.m.s.f.DefaultMavenResourcesFiltering - Using platform encoding (UTF-8 actually) to copy filtered resources, i.e. build is platform dependent!
2024-10-10 21:40:18,324 [Worker-29: Building] INFO  o.a.m.s.f.DefaultMavenResourcesFiltering - Copying 0 resource from src/main/resources to target/classes
2024-10-10 21:40:18,324 [Worker-29: Building] WARN  o.a.m.s.f.DefaultMavenResourcesFiltering - Using platform encoding (UTF-8 actually) to copy filtered resources, i.e. build is platform dependent!
2024-10-10 21:40:18,325 [Worker-29: Building] INFO  o.a.m.s.f.DefaultMavenResourcesFiltering - Copying 0 resource from src/test/resources to target/test-classes
2024-10-10 21:40:19,443 [Worker-29: Building] WARN  o.a.m.s.f.DefaultMavenResourcesFiltering - Using platform encoding (UTF-8 actually) to copy filtered resources, i.e. build is platform dependent!
2024-10-10 21:40:19,444 [Worker-29: Building] INFO  o.a.m.s.f.DefaultMavenResourcesFiltering - Copying 0 resource from src/main/resources to target/classes
2024-10-10 21:40:19,444 [Worker-29: Building] WARN  o.a.m.s.f.DefaultMavenResourcesFiltering - Using platform encoding (UTF-8 actually) to copy filtered resources, i.e. build is platform dependent!
2024-10-10 21:40:19,444 [Worker-29: Building] INFO  o.a.m.s.f.DefaultMavenResourcesFiltering - Copying 0 resource from src/test/resources to target/test-classes
2024-10-10 21:41:38,918 [Worker-28: Launching StartApplication (1)] WARN  o.a.m.s.f.DefaultMavenResourcesFiltering - Using platform encoding (UTF-8 actually) to copy filtered resources, i.e. build is platform dependent!
2024-10-10 21:41:38,919 [Worker-28: Launching StartApplication (1)] INFO  o.a.m.s.f.DefaultMavenResourcesFiltering - Copying 0 resource from src/main/resources to target/classes
2024-10-10 21:41:38,920 [Worker-28: Launching StartApplication (1)] WARN  o.a.m.s.f.DefaultMavenResourcesFiltering - Using platform encoding (UTF-8 actually) to copy filtered resources, i.e. build is platform dependent!
2024-10-10 21:41:38,920 [Worker-28: Launching StartApplication (1)] INFO  o.a.m.s.f.DefaultMavenResourcesFiltering - Copying 0 resource from src/test/resources to target/test-classes
2024-10-10 21:42:48,338 [Worker-31: Building] INFO  o.e.m.c.i.l.LifecycleMappingFactory - Using org.eclipse.m2e.jdt.JarLifecycleMapping lifecycle mapping for MavenProject: com.kumar.apolis:Spring_AOP_1:0.0.1-SNAPSHOT @ /Users/harish/Documents/SpringCore/Spring_AOP_4/pom.xml.
2024-10-10 21:42:48,361 [Worker-31: Building] WARN  o.a.m.s.f.DefaultMavenResourcesFiltering - Using platform encoding (UTF-8 actually) to copy filtered resources, i.e. build is platform dependent!
2024-10-10 21:42:48,361 [Worker-31: Building] INFO  o.a.m.s.f.DefaultMavenResourcesFiltering - Copying 0 resource from src/main/resources to target/classes
2024-10-10 21:42:48,362 [Worker-31: Building] WARN  o.a.m.s.f.DefaultMavenResourcesFiltering - Using platform encoding (UTF-8 actually) to copy filtered resources, i.e. build is platform dependent!
2024-10-10 21:42:48,362 [Worker-31: Building] INFO  o.a.m.s.f.DefaultMavenResourcesFiltering - Copying 0 resource from src/test/resources to target/test-classes
2024-10-10 21:42:49,504 [Worker-29: Building] WARN  o.a.m.s.f.DefaultMavenResourcesFiltering - Using platform encoding (UTF-8 actually) to copy filtered resources, i.e. build is platform dependent!
2024-10-10 21:42:49,504 [Worker-29: Building] INFO  o.a.m.s.f.DefaultMavenResourcesFiltering - Copying 0 resource from src/main/resources to target/classes
2024-10-10 21:42:49,505 [Worker-29: Building] WARN  o.a.m.s.f.DefaultMavenResourcesFiltering - Using platform encoding (UTF-8 actually) to copy filtered resources, i.e. build is platform dependent!
2024-10-10 21:42:49,505 [Worker-29: Building] INFO  o.a.m.s.f.DefaultMavenResourcesFiltering - Copying 0 resource from src/test/resources to target/test-classes
2024-10-10 21:45:03,936 [Worker-34: Building] WARN  o.a.m.s.f.DefaultMavenResourcesFiltering - Using platform encoding (UTF-8 actually) to copy filtered resources, i.e. build is platform dependent!
2024-10-10 21:45:03,937 [Worker-34: Building] INFO  o.a.m.s.f.DefaultMavenResourcesFiltering - Copying 0 resource from src/main/resources to target/classes
2024-10-10 21:45:03,938 [Worker-34: Building] WARN  o.a.m.s.f.DefaultMavenResourcesFiltering - Using platform encoding (UTF-8 actually) to copy filtered resources, i.e. build is platform dependent!
2024-10-10 21:45:03,938 [Worker-34: Building] INFO  o.a.m.s.f.DefaultMavenResourcesFiltering - Copying 0 resource from src/test/resources to target/test-classes
2024-10-10 21:45:25,110 [Worker-34: Building] WARN  o.a.m.s.f.DefaultMavenResourcesFiltering - Using platform encoding (UTF-8 actually) to copy filtered resources, i.e. build is platform dependent!
2024-10-10 21:45:25,111 [Worker-34: Building] INFO  o.a.m.s.f.DefaultMavenResourcesFiltering - Copying 0 resource from src/main/resources to target/classes
2024-10-10 21:45:25,111 [Worker-34: Building] WARN  o.a.m.s.f.DefaultMavenResourcesFiltering - Using platform encoding (UTF-8 actually) to copy filtered resources, i.e. build is platform dependent!
2024-10-10 21:45:25,112 [Worker-34: Building] INFO  o.a.m.s.f.DefaultMavenResourcesFiltering - Copying 0 resource from src/test/resources to target/test-classes
2024-10-10 21:45:33,406 [Worker-34: Launching StartApplication (2)] WARN  o.a.m.s.f.DefaultMavenResourcesFiltering - Using platform encoding (UTF-8 actually) to copy filtered resources, i.e. build is platform dependent!
2024-10-10 21:45:33,407 [Worker-34: Launching StartApplication (2)] INFO  o.a.m.s.f.DefaultMavenResourcesFiltering - Copying 0 resource from src/main/resources to target/classes
2024-10-10 21:45:33,407 [Worker-34: Launching StartApplication (2)] WARN  o.a.m.s.f.DefaultMavenResourcesFiltering - Using platform encoding (UTF-8 actually) to copy filtered resources, i.e. build is platform dependent!
2024-10-10 21:45:33,407 [Worker-34: Launching StartApplication (2)] INFO  o.a.m.s.f.DefaultMavenResourcesFiltering - Copying 0 resource from src/test/resources to target/test-classes
2024-10-10 21:46:36,765 [Worker-23: Building] WARN  o.a.m.s.f.DefaultMavenResourcesFiltering - Using platform encoding (UTF-8 actually) to copy filtered resources, i.e. build is platform dependent!
2024-10-10 21:46:36,766 [Worker-23: Building] INFO  o.a.m.s.f.DefaultMavenResourcesFiltering - Copying 0 resource from src/main/resources to target/classes
2024-10-10 21:46:36,767 [Worker-23: Building] WARN  o.a.m.s.f.DefaultMavenResourcesFiltering - Using platform encoding (UTF-8 actually) to copy filtered resources, i.e. build is platform dependent!
2024-10-10 21:46:36,767 [Worker-23: Building] INFO  o.a.m.s.f.DefaultMavenResourcesFiltering - Copying 0 resource from src/test/resources to target/test-classes
2024-10-10 21:47:30,155 [Worker-34: Building] WARN  o.a.m.s.f.DefaultMavenResourcesFiltering - Using platform encoding (UTF-8 actually) to copy filtered resources, i.e. build is platform dependent!
2024-10-10 21:47:30,156 [Worker-34: Building] INFO  o.a.m.s.f.DefaultMavenResourcesFiltering - Copying 0 resource from src/main/resources to target/classes
2024-10-10 21:47:30,157 [Worker-34: Building] WARN  o.a.m.s.f.DefaultMavenResourcesFiltering - Using platform encoding (UTF-8 actually) to copy filtered resources, i.e. build is platform dependent!
2024-10-10 21:47:30,157 [Worker-34: Building] INFO  o.a.m.s.f.DefaultMavenResourcesFiltering - Copying 0 resource from src/test/resources to target/test-classes
2024-10-10 21:47:50,698 [Worker-37: Building] INFO  o.e.m.c.i.l.LifecycleMappingFactory - Using org.eclipse.m2e.jdt.JarLifecycleMapping lifecycle mapping for MavenProject: com.kumar.apolis:Spring_AOP_1:0.0.1-SNAPSHOT @ /Users/harish/Documents/SpringCore/Spring_AOP_5/pom.xml.
2024-10-10 21:47:50,720 [Worker-37: Building] WARN  o.a.m.s.f.DefaultMavenResourcesFiltering - Using platform encoding (UTF-8 actually) to copy filtered resources, i.e. build is platform dependent!
2024-10-10 21:47:50,720 [Worker-37: Building] INFO  o.a.m.s.f.DefaultMavenResourcesFiltering - Copying 0 resource from src/main/resources to target/classes
2024-10-10 21:47:50,721 [Worker-37: Building] WARN  o.a.m.s.f.DefaultMavenResourcesFiltering - Using platform encoding (UTF-8 actually) to copy filtered resources, i.e. build is platform dependent!
2024-10-10 21:47:50,721 [Worker-37: Building] INFO  o.a.m.s.f.DefaultMavenResourcesFiltering - Copying 0 resource from src/test/resources to target/test-classes
2024-10-10 21:47:51,866 [Worker-38: Building] WARN  o.a.m.s.f.DefaultMavenResourcesFiltering - Using platform encoding (UTF-8 actually) to copy filtered resources, i.e. build is platform dependent!
2024-10-10 21:47:51,867 [Worker-38: Building] INFO  o.a.m.s.f.DefaultMavenResourcesFiltering - Copying 0 resource from src/main/resources to target/classes
2024-10-10 21:47:51,868 [Worker-38: Building] WARN  o.a.m.s.f.DefaultMavenResourcesFiltering - Using platform encoding (UTF-8 actually) to copy filtered resources, i.e. build is platform dependent!
2024-10-10 21:47:51,869 [Worker-38: Building] INFO  o.a.m.s.f.DefaultMavenResourcesFiltering - Copying 0 resource from src/test/resources to target/test-classes
2024-10-10 21:49:40,741 [Worker-34: Launching StartApplication (3)] WARN  o.a.m.s.f.DefaultMavenResourcesFiltering - Using platform encoding (UTF-8 actually) to copy filtered resources, i.e. build is platform dependent!
2024-10-10 21:49:40,742 [Worker-34: Launching StartApplication (3)] INFO  o.a.m.s.f.DefaultMavenResourcesFiltering - Copying 0 resource from src/main/resources to target/classes
2024-10-10 21:49:40,743 [Worker-34: Launching StartApplication (3)] WARN  o.a.m.s.f.DefaultMavenResourcesFiltering - Using platform encoding (UTF-8 actually) to copy filtered resources, i.e. build is platform dependent!
2024-10-10 21:49:40,743 [Worker-34: Launching StartApplication (3)] INFO  o.a.m.s.f.DefaultMavenResourcesFiltering - Copying 0 resource from src/test/resources to target/test-classes
